2025-10-02 17:13:56.671 DEBUG (rank 0): console_logging_level: INFO
dtype: float64
jac_chunk_size: 8
rf_normalization: leading_eig
run_dir: ./results_multi_potential/case_m1_RF_4096
save_every_model: False
save_fmaps: False
scale_by_species: True
seed: 42
backbone:
    family: mace
    interaction_block: 2
    path_or_id: MACE-L0
dataset:
    max_train_samples: null
    name: Cu_H2O_m1
    test_path: null
    train_path: Dataset/Train_m1_union_with_head.xyz
    val_path: Dataset/Valid_m1_union_with_head.xyz
rfs:
    length_scale:
      num: 4
      scale: linear
      start: 4.0
      stop: 10.0
      value: null
      values: null
    num_random_features: 4096
    rf_type: gaussian
    rng_seed: 42
    use_offset: true
solver:
    force_weight:
      num: 2
      scale: linear
      start: 0.5
      stop: 0.9
      value: null
      values: null
    l2_penalty:
      num: 2
      scale: log
      start: -10
      stop: -7
      value: null
      values: null

2025-10-02 17:13:56.672 INFO (rank 0): Initializing default cache directory at /leonardo/home/userexternal/mbianchi/.franken
2025-10-02 17:13:56.688 INFO (rank 3): Initializing default cache directory at /leonardo/home/userexternal/mbianchi/.franken
2025-10-02 17:13:56.688 INFO (rank 0): Run folder: results_multi_potential/case_m1_RF_4096/run_251002_171356_817f62fb
2025-10-02 17:13:56.688 INFO (rank 2): Initializing default cache directory at /leonardo/home/userexternal/mbianchi/.franken
2025-10-02 17:13:56.688 INFO (rank 1): Initializing default cache directory at /leonardo/home/userexternal/mbianchi/.franken
2025-10-02 17:13:56.689 INFO (rank 0): Dataset with name 'Cu_H2O_m1' not found in registry
2025-10-02 17:13:56.689 INFO (rank 2): Dataset with name 'Cu_H2O_m1' not found in registry
2025-10-02 17:13:56.689 INFO (rank 3): Dataset with name 'Cu_H2O_m1' not found in registry
2025-10-02 17:13:56.689 INFO (rank 1): Dataset with name 'Cu_H2O_m1' not found in registry
2025-10-02 17:14:01.927 DEBUG (rank 3): Autotune iteration with RF parameters GaussianRFConfig(num_random_features=4096, length_scale=4.0, use_offset=True, rng_seed=42)
2025-10-02 17:14:01.940 DEBUG (rank 1): Autotune iteration with RF parameters GaussianRFConfig(num_random_features=4096, length_scale=4.0, use_offset=True, rng_seed=42)
2025-10-02 17:14:01.941 DEBUG (rank 2): Autotune iteration with RF parameters GaussianRFConfig(num_random_features=4096, length_scale=4.0, use_offset=True, rng_seed=42)
2025-10-02 17:14:01.943 DEBUG (rank 0): Autotune iteration with RF parameters GaussianRFConfig(num_random_features=4096, length_scale=4.0, use_offset=True, rng_seed=42)
2025-10-02 17:20:11.772 WARNING (rank 3): `leading_eig` normalization has high memory usage. If you encounter OOM errors try to disable it.
2025-10-02 17:20:19.690 WARNING (rank 2): `leading_eig` normalization has high memory usage. If you encounter OOM errors try to disable it.
2025-10-02 17:20:22.021 WARNING (rank 1): `leading_eig` normalization has high memory usage. If you encounter OOM errors try to disable it.
2025-10-02 17:20:35.872 WARNING (rank 0): `leading_eig` normalization has high memory usage. If you encounter OOM errors try to disable it.
2025-10-02 17:20:36.457 DEBUG (rank 0): Retrieved 4 logs.
2025-10-02 17:20:36.457 DEBUG (rank 1): Retrieved 4 logs.
2025-10-02 17:20:36.457 DEBUG (rank 3): Retrieved 4 logs.
2025-10-02 17:20:36.457 DEBUG (rank 2): Retrieved 4 logs.
2025-10-02 17:20:39.194 DEBUG (rank 0): Identified new best model: <LogEntry hash=6b136834a6d766795231f5fa53757afb, id=0>
2025-10-02 17:20:39.203 DEBUG (rank 0): Saved best model (within-experiment ID=0) to results_multi_potential/case_m1_RF_4096/run_251002_171356_817f62fb/best_ckpt.pt
2025-10-02 17:20:39.204 INFO (rank 0): Trial   1 | rf_type: gaussian | num_random_features:  4096   | length_scale:  4.000  | use_offset:  True   | rng_seed:   42    | Best trial 1 (energy 59.84 meV/atom - forces 34.8 meV/Ang)
2025-10-02 17:20:39.405 DEBUG (rank 0): Autotune iteration with RF parameters GaussianRFConfig(num_random_features=4096, length_scale=6.0, use_offset=True, rng_seed=42)
2025-10-02 17:20:39.405 DEBUG (rank 3): Autotune iteration with RF parameters GaussianRFConfig(num_random_features=4096, length_scale=6.0, use_offset=True, rng_seed=42)
2025-10-02 17:20:39.406 DEBUG (rank 1): Autotune iteration with RF parameters GaussianRFConfig(num_random_features=4096, length_scale=6.0, use_offset=True, rng_seed=42)
2025-10-02 17:20:39.406 DEBUG (rank 2): Autotune iteration with RF parameters GaussianRFConfig(num_random_features=4096, length_scale=6.0, use_offset=True, rng_seed=42)
2025-10-02 17:26:43.321 WARNING (rank 3): `leading_eig` normalization has high memory usage. If you encounter OOM errors try to disable it.
2025-10-02 17:26:51.330 WARNING (rank 1): `leading_eig` normalization has high memory usage. If you encounter OOM errors try to disable it.
2025-10-02 17:26:52.388 WARNING (rank 2): `leading_eig` normalization has high memory usage. If you encounter OOM errors try to disable it.
2025-10-02 17:27:01.735 WARNING (rank 0): `leading_eig` normalization has high memory usage. If you encounter OOM errors try to disable it.
2025-10-02 17:27:01.914 DEBUG (rank 0): Retrieved 4 logs.
2025-10-02 17:27:01.914 DEBUG (rank 1): Retrieved 4 logs.
2025-10-02 17:27:01.914 DEBUG (rank 2): Retrieved 4 logs.
2025-10-02 17:27:01.914 DEBUG (rank 3): Retrieved 4 logs.
2025-10-02 17:27:04.579 DEBUG (rank 0): Identified new best model: <LogEntry hash=1b3d20e2db6d6017f91eaf1a1d0afa1d, id=0>
2025-10-02 17:27:04.586 DEBUG (rank 0): Saved best model (within-experiment ID=0) to results_multi_potential/case_m1_RF_4096/run_251002_171356_817f62fb/best_ckpt.pt
2025-10-02 17:27:04.587 INFO (rank 0): Trial   2 | rf_type: gaussian | num_random_features:  4096   | length_scale:  6.000  | use_offset:  True   | rng_seed:   42    | Best trial 2 (energy 67.14 meV/atom - forces 27.2 meV/Ang)
2025-10-02 17:27:04.792 DEBUG (rank 3): Autotune iteration with RF parameters GaussianRFConfig(num_random_features=4096, length_scale=8.0, use_offset=True, rng_seed=42)
2025-10-02 17:27:04.793 DEBUG (rank 1): Autotune iteration with RF parameters GaussianRFConfig(num_random_features=4096, length_scale=8.0, use_offset=True, rng_seed=42)
2025-10-02 17:27:04.792 DEBUG (rank 0): Autotune iteration with RF parameters GaussianRFConfig(num_random_features=4096, length_scale=8.0, use_offset=True, rng_seed=42)
2025-10-02 17:27:04.793 DEBUG (rank 2): Autotune iteration with RF parameters GaussianRFConfig(num_random_features=4096, length_scale=8.0, use_offset=True, rng_seed=42)
2025-10-02 17:33:09.169 WARNING (rank 3): `leading_eig` normalization has high memory usage. If you encounter OOM errors try to disable it.
2025-10-02 17:33:17.420 WARNING (rank 1): `leading_eig` normalization has high memory usage. If you encounter OOM errors try to disable it.
2025-10-02 17:33:17.723 WARNING (rank 2): `leading_eig` normalization has high memory usage. If you encounter OOM errors try to disable it.
2025-10-02 17:33:27.738 WARNING (rank 0): `leading_eig` normalization has high memory usage. If you encounter OOM errors try to disable it.
2025-10-02 17:33:27.922 DEBUG (rank 0): Retrieved 4 logs.
2025-10-02 17:33:27.922 DEBUG (rank 3): Retrieved 4 logs.
2025-10-02 17:33:27.922 DEBUG (rank 1): Retrieved 4 logs.
2025-10-02 17:33:27.922 DEBUG (rank 2): Retrieved 4 logs.
2025-10-02 17:33:30.591 INFO (rank 0): Trial   3 | rf_type: gaussian | num_random_features:  4096   | length_scale:  8.000  | use_offset:  True   | rng_seed:   42    | Best trial 2 (energy 67.14 meV/atom - forces 27.2 meV/Ang)
2025-10-02 17:33:30.796 DEBUG (rank 3): Autotune iteration with RF parameters GaussianRFConfig(num_random_features=4096, length_scale=10.0, use_offset=True, rng_seed=42)
2025-10-02 17:33:30.797 DEBUG (rank 0): Autotune iteration with RF parameters GaussianRFConfig(num_random_features=4096, length_scale=10.0, use_offset=True, rng_seed=42)
2025-10-02 17:33:30.797 DEBUG (rank 2): Autotune iteration with RF parameters GaussianRFConfig(num_random_features=4096, length_scale=10.0, use_offset=True, rng_seed=42)
2025-10-02 17:33:30.796 DEBUG (rank 1): Autotune iteration with RF parameters GaussianRFConfig(num_random_features=4096, length_scale=10.0, use_offset=True, rng_seed=42)
2025-10-02 17:39:34.608 WARNING (rank 3): `leading_eig` normalization has high memory usage. If you encounter OOM errors try to disable it.
2025-10-02 17:39:42.757 WARNING (rank 1): `leading_eig` normalization has high memory usage. If you encounter OOM errors try to disable it.
2025-10-02 17:39:43.761 WARNING (rank 2): `leading_eig` normalization has high memory usage. If you encounter OOM errors try to disable it.
2025-10-02 17:39:54.185 WARNING (rank 0): `leading_eig` normalization has high memory usage. If you encounter OOM errors try to disable it.
2025-10-02 17:39:54.367 DEBUG (rank 0): Retrieved 4 logs.
2025-10-02 17:39:54.367 DEBUG (rank 2): Retrieved 4 logs.
2025-10-02 17:39:54.367 DEBUG (rank 1): Retrieved 4 logs.
2025-10-02 17:39:54.367 DEBUG (rank 3): Retrieved 4 logs.
2025-10-02 17:39:57.033 INFO (rank 0): Trial   4 | rf_type: gaussian | num_random_features:  4096   | length_scale: 10.000  | use_offset:  True   | rng_seed:   42    | Best trial 2 (energy 67.14 meV/atom - forces 27.2 meV/Ang)
