2025-10-02 21:23:54.371 DEBUG (rank 0): console_logging_level: INFO
dtype: float64
jac_chunk_size: 8
rf_normalization: leading_eig
run_dir: ./results_multi_potential/case_m175_RF_4096
save_every_model: False
save_fmaps: False
scale_by_species: True
seed: 42
backbone:
    family: mace
    interaction_block: 2
    path_or_id: MACE-L0
dataset:
    max_train_samples: null
    name: Cu_H2O_m175
    test_path: null
    train_path: Dataset/Train_m175_union_with_head.xyz
    val_path: Dataset/Valid_m175_union_with_head.xyz
rfs:
    length_scale:
      num: 4
      scale: linear
      start: 4.0
      stop: 10.0
      value: null
      values: null
    num_random_features: 4096
    rf_type: gaussian
    rng_seed: 42
    use_offset: true
solver:
    force_weight:
      num: 2
      scale: linear
      start: 0.5
      stop: 0.9
      value: null
      values: null
    l2_penalty:
      num: 2
      scale: log
      start: -10
      stop: -7
      value: null
      values: null

2025-10-02 21:23:54.371 INFO (rank 3): Initializing default cache directory at /leonardo/home/userexternal/mbianchi/.franken
2025-10-02 21:23:54.371 INFO (rank 2): Initializing default cache directory at /leonardo/home/userexternal/mbianchi/.franken
2025-10-02 21:23:54.371 INFO (rank 1): Initializing default cache directory at /leonardo/home/userexternal/mbianchi/.franken
2025-10-02 21:23:54.372 INFO (rank 0): Initializing default cache directory at /leonardo/home/userexternal/mbianchi/.franken
2025-10-02 21:23:54.389 INFO (rank 0): Run folder: results_multi_potential/case_m175_RF_4096/run_251002_212354_bdfc89fb
2025-10-02 21:23:54.389 INFO (rank 2): Dataset with name 'Cu_H2O_m175' not found in registry
2025-10-02 21:23:54.389 INFO (rank 3): Dataset with name 'Cu_H2O_m175' not found in registry
2025-10-02 21:23:54.389 INFO (rank 0): Dataset with name 'Cu_H2O_m175' not found in registry
2025-10-02 21:23:54.389 INFO (rank 1): Dataset with name 'Cu_H2O_m175' not found in registry
2025-10-02 21:23:59.551 DEBUG (rank 3): Autotune iteration with RF parameters GaussianRFConfig(num_random_features=4096, length_scale=4.0, use_offset=True, rng_seed=42)
2025-10-02 21:23:59.551 DEBUG (rank 0): Autotune iteration with RF parameters GaussianRFConfig(num_random_features=4096, length_scale=4.0, use_offset=True, rng_seed=42)
2025-10-02 21:23:59.563 DEBUG (rank 2): Autotune iteration with RF parameters GaussianRFConfig(num_random_features=4096, length_scale=4.0, use_offset=True, rng_seed=42)
2025-10-02 21:23:59.563 DEBUG (rank 1): Autotune iteration with RF parameters GaussianRFConfig(num_random_features=4096, length_scale=4.0, use_offset=True, rng_seed=42)
2025-10-02 21:30:05.333 WARNING (rank 2): `leading_eig` normalization has high memory usage. If you encounter OOM errors try to disable it.
2025-10-02 21:30:09.324 WARNING (rank 1): `leading_eig` normalization has high memory usage. If you encounter OOM errors try to disable it.
2025-10-02 21:30:14.364 WARNING (rank 3): `leading_eig` normalization has high memory usage. If you encounter OOM errors try to disable it.
2025-10-02 21:30:34.781 WARNING (rank 0): `leading_eig` normalization has high memory usage. If you encounter OOM errors try to disable it.
2025-10-02 21:30:35.367 DEBUG (rank 0): Retrieved 4 logs.
2025-10-02 21:30:35.367 DEBUG (rank 3): Retrieved 4 logs.
2025-10-02 21:30:35.367 DEBUG (rank 1): Retrieved 4 logs.
2025-10-02 21:30:35.367 DEBUG (rank 2): Retrieved 4 logs.
2025-10-02 21:30:38.071 DEBUG (rank 0): Identified new best model: <LogEntry hash=6b136834a6d766795231f5fa53757afb, id=1>
2025-10-02 21:30:38.079 DEBUG (rank 0): Saved best model (within-experiment ID=1) to results_multi_potential/case_m175_RF_4096/run_251002_212354_bdfc89fb/best_ckpt.pt
2025-10-02 21:30:38.080 INFO (rank 0): Trial   1 | rf_type: gaussian | num_random_features:  4096   | length_scale:  4.000  | use_offset:  True   | rng_seed:   42    | Best trial 1 (energy 42.34 meV/atom - forces 35.6 meV/Ang)
2025-10-02 21:30:38.274 DEBUG (rank 3): Autotune iteration with RF parameters GaussianRFConfig(num_random_features=4096, length_scale=6.0, use_offset=True, rng_seed=42)
2025-10-02 21:30:38.275 DEBUG (rank 2): Autotune iteration with RF parameters GaussianRFConfig(num_random_features=4096, length_scale=6.0, use_offset=True, rng_seed=42)
2025-10-02 21:30:38.276 DEBUG (rank 0): Autotune iteration with RF parameters GaussianRFConfig(num_random_features=4096, length_scale=6.0, use_offset=True, rng_seed=42)
2025-10-02 21:30:38.276 DEBUG (rank 1): Autotune iteration with RF parameters GaussianRFConfig(num_random_features=4096, length_scale=6.0, use_offset=True, rng_seed=42)
2025-10-02 21:36:39.513 WARNING (rank 2): `leading_eig` normalization has high memory usage. If you encounter OOM errors try to disable it.
2025-10-02 21:36:41.913 WARNING (rank 1): `leading_eig` normalization has high memory usage. If you encounter OOM errors try to disable it.
2025-10-02 21:36:46.175 WARNING (rank 3): `leading_eig` normalization has high memory usage. If you encounter OOM errors try to disable it.
2025-10-02 21:37:06.969 WARNING (rank 0): `leading_eig` normalization has high memory usage. If you encounter OOM errors try to disable it.
2025-10-02 21:37:07.152 DEBUG (rank 3): Retrieved 4 logs.
2025-10-02 21:37:07.152 DEBUG (rank 0): Retrieved 4 logs.
2025-10-02 21:37:07.152 DEBUG (rank 2): Retrieved 4 logs.
2025-10-02 21:37:07.152 DEBUG (rank 1): Retrieved 4 logs.
2025-10-02 21:37:09.791 DEBUG (rank 0): Identified new best model: <LogEntry hash=1b3d20e2db6d6017f91eaf1a1d0afa1d, id=0>
2025-10-02 21:37:09.798 DEBUG (rank 0): Saved best model (within-experiment ID=0) to results_multi_potential/case_m175_RF_4096/run_251002_212354_bdfc89fb/best_ckpt.pt
2025-10-02 21:37:09.799 INFO (rank 0): Trial   2 | rf_type: gaussian | num_random_features:  4096   | length_scale:  6.000  | use_offset:  True   | rng_seed:   42    | Best trial 2 (energy 46.11 meV/atom - forces 31.2 meV/Ang)
2025-10-02 21:37:09.998 DEBUG (rank 3): Autotune iteration with RF parameters GaussianRFConfig(num_random_features=4096, length_scale=8.0, use_offset=True, rng_seed=42)
2025-10-02 21:37:10.000 DEBUG (rank 0): Autotune iteration with RF parameters GaussianRFConfig(num_random_features=4096, length_scale=8.0, use_offset=True, rng_seed=42)
2025-10-02 21:37:09.999 DEBUG (rank 2): Autotune iteration with RF parameters GaussianRFConfig(num_random_features=4096, length_scale=8.0, use_offset=True, rng_seed=42)
2025-10-02 21:37:09.999 DEBUG (rank 1): Autotune iteration with RF parameters GaussianRFConfig(num_random_features=4096, length_scale=8.0, use_offset=True, rng_seed=42)
2025-10-02 21:43:09.112 WARNING (rank 2): `leading_eig` normalization has high memory usage. If you encounter OOM errors try to disable it.
2025-10-02 21:43:13.468 WARNING (rank 1): `leading_eig` normalization has high memory usage. If you encounter OOM errors try to disable it.
2025-10-02 21:43:17.987 WARNING (rank 3): `leading_eig` normalization has high memory usage. If you encounter OOM errors try to disable it.
2025-10-02 21:43:42.405 WARNING (rank 0): `leading_eig` normalization has high memory usage. If you encounter OOM errors try to disable it.
2025-10-02 21:43:42.589 DEBUG (rank 3): Retrieved 4 logs.
2025-10-02 21:43:42.589 DEBUG (rank 0): Retrieved 4 logs.
2025-10-02 21:43:42.589 DEBUG (rank 2): Retrieved 4 logs.
2025-10-02 21:43:42.589 DEBUG (rank 1): Retrieved 4 logs.
2025-10-02 21:43:45.234 INFO (rank 0): Trial   3 | rf_type: gaussian | num_random_features:  4096   | length_scale:  8.000  | use_offset:  True   | rng_seed:   42    | Best trial 2 (energy 46.11 meV/atom - forces 31.2 meV/Ang)
2025-10-02 21:43:45.433 DEBUG (rank 3): Autotune iteration with RF parameters GaussianRFConfig(num_random_features=4096, length_scale=10.0, use_offset=True, rng_seed=42)
2025-10-02 21:43:45.434 DEBUG (rank 2): Autotune iteration with RF parameters GaussianRFConfig(num_random_features=4096, length_scale=10.0, use_offset=True, rng_seed=42)
2025-10-02 21:43:45.435 DEBUG (rank 1): Autotune iteration with RF parameters GaussianRFConfig(num_random_features=4096, length_scale=10.0, use_offset=True, rng_seed=42)
2025-10-02 21:43:45.435 DEBUG (rank 0): Autotune iteration with RF parameters GaussianRFConfig(num_random_features=4096, length_scale=10.0, use_offset=True, rng_seed=42)
2025-10-02 21:49:44.994 WARNING (rank 2): `leading_eig` normalization has high memory usage. If you encounter OOM errors try to disable it.
2025-10-02 21:49:49.809 WARNING (rank 1): `leading_eig` normalization has high memory usage. If you encounter OOM errors try to disable it.
2025-10-02 21:49:54.198 WARNING (rank 3): `leading_eig` normalization has high memory usage. If you encounter OOM errors try to disable it.
2025-10-02 21:50:17.806 WARNING (rank 0): `leading_eig` normalization has high memory usage. If you encounter OOM errors try to disable it.
2025-10-02 21:50:17.993 DEBUG (rank 3): Retrieved 4 logs.
2025-10-02 21:50:17.993 DEBUG (rank 0): Retrieved 4 logs.
2025-10-02 21:50:17.993 DEBUG (rank 1): Retrieved 4 logs.
2025-10-02 21:50:17.993 DEBUG (rank 2): Retrieved 4 logs.
2025-10-02 21:50:20.649 INFO (rank 0): Trial   4 | rf_type: gaussian | num_random_features:  4096   | length_scale: 10.000  | use_offset:  True   | rng_seed:   42    | Best trial 2 (energy 46.11 meV/atom - forces 31.2 meV/Ang)
