2025-10-02 21:50:28.778 DEBUG (rank 0): console_logging_level: INFO
dtype: float64
jac_chunk_size: 8
rf_normalization: leading_eig
run_dir: ./results_multi_potential/case_m175_RF_8192
save_every_model: False
save_fmaps: False
scale_by_species: True
seed: 42
backbone:
    family: mace
    interaction_block: 2
    path_or_id: MACE-L0
dataset:
    max_train_samples: null
    name: Cu_H2O_m175
    test_path: null
    train_path: Dataset/Train_m175_union_with_head.xyz
    val_path: Dataset/Valid_m175_union_with_head.xyz
rfs:
    length_scale:
      num: 4
      scale: linear
      start: 4.0
      stop: 10.0
      value: null
      values: null
    num_random_features: 8192
    rf_type: gaussian
    rng_seed: 42
    use_offset: true
solver:
    force_weight:
      num: 2
      scale: linear
      start: 0.5
      stop: 0.9
      value: null
      values: null
    l2_penalty:
      num: 2
      scale: log
      start: -10
      stop: -7
      value: null
      values: null

2025-10-02 21:50:28.778 INFO (rank 0): Initializing default cache directory at /leonardo/home/userexternal/mbianchi/.franken
2025-10-02 21:50:28.783 INFO (rank 0): Run folder: results_multi_potential/case_m175_RF_8192/run_251002_215028_9eed509f
2025-10-02 21:50:28.794 INFO (rank 2): Initializing default cache directory at /leonardo/home/userexternal/mbianchi/.franken
2025-10-02 21:50:28.794 INFO (rank 1): Initializing default cache directory at /leonardo/home/userexternal/mbianchi/.franken
2025-10-02 21:50:28.794 INFO (rank 3): Initializing default cache directory at /leonardo/home/userexternal/mbianchi/.franken
2025-10-02 21:50:28.795 INFO (rank 0): Dataset with name 'Cu_H2O_m175' not found in registry
2025-10-02 21:50:28.795 INFO (rank 2): Dataset with name 'Cu_H2O_m175' not found in registry
2025-10-02 21:50:28.795 INFO (rank 1): Dataset with name 'Cu_H2O_m175' not found in registry
2025-10-02 21:50:28.795 INFO (rank 3): Dataset with name 'Cu_H2O_m175' not found in registry
2025-10-02 21:50:33.984 DEBUG (rank 1): Autotune iteration with RF parameters GaussianRFConfig(num_random_features=8192, length_scale=4.0, use_offset=True, rng_seed=42)
2025-10-02 21:50:33.997 DEBUG (rank 0): Autotune iteration with RF parameters GaussianRFConfig(num_random_features=8192, length_scale=4.0, use_offset=True, rng_seed=42)
2025-10-02 21:50:33.997 DEBUG (rank 2): Autotune iteration with RF parameters GaussianRFConfig(num_random_features=8192, length_scale=4.0, use_offset=True, rng_seed=42)
2025-10-02 21:50:34.003 DEBUG (rank 3): Autotune iteration with RF parameters GaussianRFConfig(num_random_features=8192, length_scale=4.0, use_offset=True, rng_seed=42)
2025-10-02 21:56:38.701 WARNING (rank 2): `leading_eig` normalization has high memory usage. If you encounter OOM errors try to disable it.
2025-10-02 21:56:42.433 WARNING (rank 1): `leading_eig` normalization has high memory usage. If you encounter OOM errors try to disable it.
2025-10-02 21:56:52.236 WARNING (rank 3): `leading_eig` normalization has high memory usage. If you encounter OOM errors try to disable it.
2025-10-02 21:57:09.549 WARNING (rank 0): `leading_eig` normalization has high memory usage. If you encounter OOM errors try to disable it.
2025-10-02 21:57:10.632 DEBUG (rank 0): Retrieved 4 logs.
2025-10-02 21:57:10.632 DEBUG (rank 2): Retrieved 4 logs.
2025-10-02 21:57:10.632 DEBUG (rank 3): Retrieved 4 logs.
2025-10-02 21:57:10.632 DEBUG (rank 1): Retrieved 4 logs.
2025-10-02 21:57:13.348 DEBUG (rank 0): Identified new best model: <LogEntry hash=16b513f3da426f53b445f8f63cb4f993, id=0>
2025-10-02 21:57:13.363 DEBUG (rank 0): Saved best model (within-experiment ID=0) to results_multi_potential/case_m175_RF_8192/run_251002_215028_9eed509f/best_ckpt.pt
2025-10-02 21:57:13.364 INFO (rank 0): Trial   1 | rf_type: gaussian | num_random_features:  8192   | length_scale:  4.000  | use_offset:  True   | rng_seed:   42    | Best trial 1 (energy 28.71 meV/atom - forces 43.5 meV/Ang)
2025-10-02 21:57:13.566 DEBUG (rank 2): Autotune iteration with RF parameters GaussianRFConfig(num_random_features=8192, length_scale=6.0, use_offset=True, rng_seed=42)
2025-10-02 21:57:13.567 DEBUG (rank 0): Autotune iteration with RF parameters GaussianRFConfig(num_random_features=8192, length_scale=6.0, use_offset=True, rng_seed=42)
2025-10-02 21:57:13.567 DEBUG (rank 3): Autotune iteration with RF parameters GaussianRFConfig(num_random_features=8192, length_scale=6.0, use_offset=True, rng_seed=42)
2025-10-02 21:57:13.568 DEBUG (rank 1): Autotune iteration with RF parameters GaussianRFConfig(num_random_features=8192, length_scale=6.0, use_offset=True, rng_seed=42)
2025-10-02 22:03:12.537 WARNING (rank 2): `leading_eig` normalization has high memory usage. If you encounter OOM errors try to disable it.
2025-10-02 22:03:18.535 WARNING (rank 1): `leading_eig` normalization has high memory usage. If you encounter OOM errors try to disable it.
2025-10-02 22:03:24.903 WARNING (rank 3): `leading_eig` normalization has high memory usage. If you encounter OOM errors try to disable it.
2025-10-02 22:03:42.108 WARNING (rank 0): `leading_eig` normalization has high memory usage. If you encounter OOM errors try to disable it.
2025-10-02 22:03:42.794 DEBUG (rank 0): Retrieved 4 logs.
2025-10-02 22:03:42.794 DEBUG (rank 2): Retrieved 4 logs.
2025-10-02 22:03:42.794 DEBUG (rank 3): Retrieved 4 logs.
2025-10-02 22:03:42.794 DEBUG (rank 1): Retrieved 4 logs.
2025-10-02 22:03:45.446 DEBUG (rank 0): Identified new best model: <LogEntry hash=e8fde58b2ed54c416c79092e65fc6d02, id=0>
2025-10-02 22:03:45.462 DEBUG (rank 0): Saved best model (within-experiment ID=0) to results_multi_potential/case_m175_RF_8192/run_251002_215028_9eed509f/best_ckpt.pt
2025-10-02 22:03:45.463 INFO (rank 0): Trial   2 | rf_type: gaussian | num_random_features:  8192   | length_scale:  6.000  | use_offset:  True   | rng_seed:   42    | Best trial 2 (energy 38.58 meV/atom - forces 33.1 meV/Ang)
2025-10-02 22:03:45.665 DEBUG (rank 2): Autotune iteration with RF parameters GaussianRFConfig(num_random_features=8192, length_scale=8.0, use_offset=True, rng_seed=42)
2025-10-02 22:03:45.667 DEBUG (rank 0): Autotune iteration with RF parameters GaussianRFConfig(num_random_features=8192, length_scale=8.0, use_offset=True, rng_seed=42)
2025-10-02 22:03:45.668 DEBUG (rank 1): Autotune iteration with RF parameters GaussianRFConfig(num_random_features=8192, length_scale=8.0, use_offset=True, rng_seed=42)
2025-10-02 22:03:45.667 DEBUG (rank 3): Autotune iteration with RF parameters GaussianRFConfig(num_random_features=8192, length_scale=8.0, use_offset=True, rng_seed=42)
2025-10-02 22:09:44.661 WARNING (rank 2): `leading_eig` normalization has high memory usage. If you encounter OOM errors try to disable it.
2025-10-02 22:09:50.653 WARNING (rank 1): `leading_eig` normalization has high memory usage. If you encounter OOM errors try to disable it.
2025-10-02 22:09:57.091 WARNING (rank 3): `leading_eig` normalization has high memory usage. If you encounter OOM errors try to disable it.
2025-10-02 22:10:13.828 WARNING (rank 0): `leading_eig` normalization has high memory usage. If you encounter OOM errors try to disable it.
2025-10-02 22:10:14.519 DEBUG (rank 0): Retrieved 4 logs.
2025-10-02 22:10:14.520 DEBUG (rank 2): Retrieved 4 logs.
2025-10-02 22:10:14.520 DEBUG (rank 3): Retrieved 4 logs.
2025-10-02 22:10:14.520 DEBUG (rank 1): Retrieved 4 logs.
2025-10-02 22:10:17.173 INFO (rank 0): Trial   3 | rf_type: gaussian | num_random_features:  8192   | length_scale:  8.000  | use_offset:  True   | rng_seed:   42    | Best trial 2 (energy 38.58 meV/atom - forces 33.1 meV/Ang)
2025-10-02 22:10:17.377 DEBUG (rank 2): Autotune iteration with RF parameters GaussianRFConfig(num_random_features=8192, length_scale=10.0, use_offset=True, rng_seed=42)
2025-10-02 22:10:17.377 DEBUG (rank 1): Autotune iteration with RF parameters GaussianRFConfig(num_random_features=8192, length_scale=10.0, use_offset=True, rng_seed=42)
2025-10-02 22:10:17.377 DEBUG (rank 0): Autotune iteration with RF parameters GaussianRFConfig(num_random_features=8192, length_scale=10.0, use_offset=True, rng_seed=42)
2025-10-02 22:10:17.376 DEBUG (rank 3): Autotune iteration with RF parameters GaussianRFConfig(num_random_features=8192, length_scale=10.0, use_offset=True, rng_seed=42)
2025-10-02 22:16:16.991 WARNING (rank 2): `leading_eig` normalization has high memory usage. If you encounter OOM errors try to disable it.
2025-10-02 22:16:22.263 WARNING (rank 1): `leading_eig` normalization has high memory usage. If you encounter OOM errors try to disable it.
2025-10-02 22:16:28.885 WARNING (rank 3): `leading_eig` normalization has high memory usage. If you encounter OOM errors try to disable it.
2025-10-02 22:16:45.463 WARNING (rank 0): `leading_eig` normalization has high memory usage. If you encounter OOM errors try to disable it.
2025-10-02 22:16:46.150 DEBUG (rank 0): Retrieved 4 logs.
2025-10-02 22:16:46.150 DEBUG (rank 3): Retrieved 4 logs.
2025-10-02 22:16:46.150 DEBUG (rank 2): Retrieved 4 logs.
2025-10-02 22:16:46.150 DEBUG (rank 1): Retrieved 4 logs.
2025-10-02 22:16:48.812 INFO (rank 0): Trial   4 | rf_type: gaussian | num_random_features:  8192   | length_scale: 10.000  | use_offset:  True   | rng_seed:   42    | Best trial 2 (energy 38.58 meV/atom - forces 33.1 meV/Ang)
