2025-10-02 15:53:12.785 DEBUG (rank 0): console_logging_level: INFO
dtype: float64
jac_chunk_size: 8
rf_normalization: leading_eig
run_dir: ./results_multi_potential/case_m075_RF_4096
save_every_model: False
save_fmaps: False
scale_by_species: True
seed: 42
backbone:
    family: mace
    interaction_block: 2
    path_or_id: MACE-L0
dataset:
    max_train_samples: null
    name: Cu_H2O_m075
    test_path: null
    train_path: Dataset/Train_m075_union_with_head.xyz
    val_path: Dataset/Valid_m075_union_with_head.xyz
rfs:
    length_scale:
      num: 4
      scale: linear
      start: 4.0
      stop: 10.0
      value: null
      values: null
    num_random_features: 4096
    rf_type: gaussian
    rng_seed: 42
    use_offset: true
solver:
    force_weight:
      num: 2
      scale: linear
      start: 0.5
      stop: 0.9
      value: null
      values: null
    l2_penalty:
      num: 2
      scale: log
      start: -10
      stop: -7
      value: null
      values: null

2025-10-02 15:53:12.786 INFO (rank 0): Initializing default cache directory at /leonardo/home/userexternal/mbianchi/.franken
2025-10-02 15:53:12.802 INFO (rank 2): Initializing default cache directory at /leonardo/home/userexternal/mbianchi/.franken
2025-10-02 15:53:12.802 INFO (rank 1): Initializing default cache directory at /leonardo/home/userexternal/mbianchi/.franken
2025-10-02 15:53:12.802 INFO (rank 3): Initializing default cache directory at /leonardo/home/userexternal/mbianchi/.franken
2025-10-02 15:53:12.802 INFO (rank 0): Run folder: results_multi_potential/case_m075_RF_4096/run_251002_155312_8b748ace
2025-10-02 15:53:12.803 INFO (rank 0): Dataset with name 'Cu_H2O_m075' not found in registry
2025-10-02 15:53:12.803 INFO (rank 3): Dataset with name 'Cu_H2O_m075' not found in registry
2025-10-02 15:53:12.803 INFO (rank 2): Dataset with name 'Cu_H2O_m075' not found in registry
2025-10-02 15:53:12.803 INFO (rank 1): Dataset with name 'Cu_H2O_m075' not found in registry
2025-10-02 15:53:18.076 DEBUG (rank 1): Autotune iteration with RF parameters GaussianRFConfig(num_random_features=4096, length_scale=4.0, use_offset=True, rng_seed=42)
2025-10-02 15:53:18.076 DEBUG (rank 0): Autotune iteration with RF parameters GaussianRFConfig(num_random_features=4096, length_scale=4.0, use_offset=True, rng_seed=42)
2025-10-02 15:53:18.079 DEBUG (rank 3): Autotune iteration with RF parameters GaussianRFConfig(num_random_features=4096, length_scale=4.0, use_offset=True, rng_seed=42)
2025-10-02 15:53:18.079 DEBUG (rank 2): Autotune iteration with RF parameters GaussianRFConfig(num_random_features=4096, length_scale=4.0, use_offset=True, rng_seed=42)
2025-10-02 15:58:55.348 WARNING (rank 1): `leading_eig` normalization has high memory usage. If you encounter OOM errors try to disable it.
2025-10-02 15:59:17.783 WARNING (rank 3): `leading_eig` normalization has high memory usage. If you encounter OOM errors try to disable it.
2025-10-02 15:59:51.155 WARNING (rank 2): `leading_eig` normalization has high memory usage. If you encounter OOM errors try to disable it.
2025-10-02 16:00:06.354 WARNING (rank 0): `leading_eig` normalization has high memory usage. If you encounter OOM errors try to disable it.
2025-10-02 16:00:06.941 DEBUG (rank 0): Retrieved 4 logs.
2025-10-02 16:00:06.941 DEBUG (rank 1): Retrieved 4 logs.
2025-10-02 16:00:06.941 DEBUG (rank 3): Retrieved 4 logs.
2025-10-02 16:00:06.941 DEBUG (rank 2): Retrieved 4 logs.
2025-10-02 16:00:09.776 DEBUG (rank 0): Identified new best model: <LogEntry hash=6b136834a6d766795231f5fa53757afb, id=2>
2025-10-02 16:00:09.785 DEBUG (rank 0): Saved best model (within-experiment ID=2) to results_multi_potential/case_m075_RF_4096/run_251002_155312_8b748ace/best_ckpt.pt
2025-10-02 16:00:09.786 INFO (rank 0): Trial   1 | rf_type: gaussian | num_random_features:  4096   | length_scale:  4.000  | use_offset:  True   | rng_seed:   42    | Best trial 1 (energy 45.12 meV/atom - forces 24.9 meV/Ang)
2025-10-02 16:00:09.974 DEBUG (rank 1): Autotune iteration with RF parameters GaussianRFConfig(num_random_features=4096, length_scale=6.0, use_offset=True, rng_seed=42)
2025-10-02 16:00:09.984 DEBUG (rank 2): Autotune iteration with RF parameters GaussianRFConfig(num_random_features=4096, length_scale=6.0, use_offset=True, rng_seed=42)
2025-10-02 16:00:09.985 DEBUG (rank 0): Autotune iteration with RF parameters GaussianRFConfig(num_random_features=4096, length_scale=6.0, use_offset=True, rng_seed=42)
2025-10-02 16:00:09.985 DEBUG (rank 3): Autotune iteration with RF parameters GaussianRFConfig(num_random_features=4096, length_scale=6.0, use_offset=True, rng_seed=42)
2025-10-02 16:05:39.682 WARNING (rank 1): `leading_eig` normalization has high memory usage. If you encounter OOM errors try to disable it.
2025-10-02 16:06:09.486 WARNING (rank 3): `leading_eig` normalization has high memory usage. If you encounter OOM errors try to disable it.
2025-10-02 16:06:34.239 WARNING (rank 2): `leading_eig` normalization has high memory usage. If you encounter OOM errors try to disable it.
2025-10-02 16:06:50.938 WARNING (rank 0): `leading_eig` normalization has high memory usage. If you encounter OOM errors try to disable it.
2025-10-02 16:06:51.124 DEBUG (rank 0): Retrieved 4 logs.
2025-10-02 16:06:51.125 DEBUG (rank 2): Retrieved 4 logs.
2025-10-02 16:06:51.125 DEBUG (rank 3): Retrieved 4 logs.
2025-10-02 16:06:51.125 DEBUG (rank 1): Retrieved 4 logs.
2025-10-02 16:06:53.843 DEBUG (rank 0): Identified new best model: <LogEntry hash=1b3d20e2db6d6017f91eaf1a1d0afa1d, id=0>
2025-10-02 16:06:53.851 DEBUG (rank 0): Saved best model (within-experiment ID=0) to results_multi_potential/case_m075_RF_4096/run_251002_155312_8b748ace/best_ckpt.pt
2025-10-02 16:06:53.852 INFO (rank 0): Trial   2 | rf_type: gaussian | num_random_features:  4096   | length_scale:  6.000  | use_offset:  True   | rng_seed:   42    | Best trial 2 (energy 38.07 meV/atom - forces 30.4 meV/Ang)
2025-10-02 16:06:54.052 DEBUG (rank 1): Autotune iteration with RF parameters GaussianRFConfig(num_random_features=4096, length_scale=8.0, use_offset=True, rng_seed=42)
2025-10-02 16:06:54.054 DEBUG (rank 2): Autotune iteration with RF parameters GaussianRFConfig(num_random_features=4096, length_scale=8.0, use_offset=True, rng_seed=42)
2025-10-02 16:06:54.054 DEBUG (rank 0): Autotune iteration with RF parameters GaussianRFConfig(num_random_features=4096, length_scale=8.0, use_offset=True, rng_seed=42)
2025-10-02 16:06:54.054 DEBUG (rank 3): Autotune iteration with RF parameters GaussianRFConfig(num_random_features=4096, length_scale=8.0, use_offset=True, rng_seed=42)
2025-10-02 16:12:23.745 WARNING (rank 1): `leading_eig` normalization has high memory usage. If you encounter OOM errors try to disable it.
2025-10-02 16:12:54.403 WARNING (rank 3): `leading_eig` normalization has high memory usage. If you encounter OOM errors try to disable it.
2025-10-02 16:13:18.915 WARNING (rank 2): `leading_eig` normalization has high memory usage. If you encounter OOM errors try to disable it.
2025-10-02 16:13:34.921 WARNING (rank 0): `leading_eig` normalization has high memory usage. If you encounter OOM errors try to disable it.
2025-10-02 16:13:35.107 DEBUG (rank 0): Retrieved 4 logs.
2025-10-02 16:13:35.107 DEBUG (rank 1): Retrieved 4 logs.
2025-10-02 16:13:35.107 DEBUG (rank 3): Retrieved 4 logs.
2025-10-02 16:13:35.107 DEBUG (rank 2): Retrieved 4 logs.
2025-10-02 16:13:37.834 DEBUG (rank 0): Identified new best model: <LogEntry hash=12fb5805c4174ccd92a8ba3d721076f6, id=0>
2025-10-02 16:13:37.841 DEBUG (rank 0): Saved best model (within-experiment ID=0) to results_multi_potential/case_m075_RF_4096/run_251002_155312_8b748ace/best_ckpt.pt
2025-10-02 16:13:37.842 INFO (rank 0): Trial   3 | rf_type: gaussian | num_random_features:  4096   | length_scale:  8.000  | use_offset:  True   | rng_seed:   42    | Best trial 3 (energy 41.38 meV/atom - forces 26.6 meV/Ang)
2025-10-02 16:13:38.044 DEBUG (rank 1): Autotune iteration with RF parameters GaussianRFConfig(num_random_features=4096, length_scale=10.0, use_offset=True, rng_seed=42)
2025-10-02 16:13:38.046 DEBUG (rank 3): Autotune iteration with RF parameters GaussianRFConfig(num_random_features=4096, length_scale=10.0, use_offset=True, rng_seed=42)
2025-10-02 16:13:38.046 DEBUG (rank 0): Autotune iteration with RF parameters GaussianRFConfig(num_random_features=4096, length_scale=10.0, use_offset=True, rng_seed=42)
2025-10-02 16:13:38.046 DEBUG (rank 2): Autotune iteration with RF parameters GaussianRFConfig(num_random_features=4096, length_scale=10.0, use_offset=True, rng_seed=42)
2025-10-02 16:19:08.168 WARNING (rank 1): `leading_eig` normalization has high memory usage. If you encounter OOM errors try to disable it.
2025-10-02 16:19:37.364 WARNING (rank 3): `leading_eig` normalization has high memory usage. If you encounter OOM errors try to disable it.
2025-10-02 16:20:02.354 WARNING (rank 2): `leading_eig` normalization has high memory usage. If you encounter OOM errors try to disable it.
2025-10-02 16:20:19.314 WARNING (rank 0): `leading_eig` normalization has high memory usage. If you encounter OOM errors try to disable it.
2025-10-02 16:20:19.500 DEBUG (rank 0): Retrieved 4 logs.
2025-10-02 16:20:19.500 DEBUG (rank 2): Retrieved 4 logs.
2025-10-02 16:20:19.500 DEBUG (rank 1): Retrieved 4 logs.
2025-10-02 16:20:19.500 DEBUG (rank 3): Retrieved 4 logs.
2025-10-02 16:20:22.221 INFO (rank 0): Trial   4 | rf_type: gaussian | num_random_features:  4096   | length_scale: 10.000  | use_offset:  True   | rng_seed:   42    | Best trial 3 (energy 41.38 meV/atom - forces 26.6 meV/Ang)
