2025-10-02 16:20:30.384 DEBUG (rank 0): console_logging_level: INFO
dtype: float64
jac_chunk_size: 8
rf_normalization: leading_eig
run_dir: ./results_multi_potential/case_m075_RF_8192
save_every_model: False
save_fmaps: False
scale_by_species: True
seed: 42
backbone:
    family: mace
    interaction_block: 2
    path_or_id: MACE-L0
dataset:
    max_train_samples: null
    name: Cu_H2O_m075
    test_path: null
    train_path: Dataset/Train_m075_union_with_head.xyz
    val_path: Dataset/Valid_m075_union_with_head.xyz
rfs:
    length_scale:
      num: 4
      scale: linear
      start: 4.0
      stop: 10.0
      value: null
      values: null
    num_random_features: 8192
    rf_type: gaussian
    rng_seed: 42
    use_offset: true
solver:
    force_weight:
      num: 2
      scale: linear
      start: 0.5
      stop: 0.9
      value: null
      values: null
    l2_penalty:
      num: 2
      scale: log
      start: -10
      stop: -7
      value: null
      values: null

2025-10-02 16:20:30.384 INFO (rank 0): Initializing default cache directory at /leonardo/home/userexternal/mbianchi/.franken
2025-10-02 16:20:30.400 INFO (rank 2): Initializing default cache directory at /leonardo/home/userexternal/mbianchi/.franken
2025-10-02 16:20:30.400 INFO (rank 3): Initializing default cache directory at /leonardo/home/userexternal/mbianchi/.franken
2025-10-02 16:20:30.400 INFO (rank 1): Initializing default cache directory at /leonardo/home/userexternal/mbianchi/.franken
2025-10-02 16:20:30.402 INFO (rank 0): Run folder: results_multi_potential/case_m075_RF_8192/run_251002_162030_8464e677
2025-10-02 16:20:30.402 INFO (rank 3): Dataset with name 'Cu_H2O_m075' not found in registry
2025-10-02 16:20:30.402 INFO (rank 2): Dataset with name 'Cu_H2O_m075' not found in registry
2025-10-02 16:20:30.402 INFO (rank 0): Dataset with name 'Cu_H2O_m075' not found in registry
2025-10-02 16:20:30.402 INFO (rank 1): Dataset with name 'Cu_H2O_m075' not found in registry
2025-10-02 16:20:35.655 DEBUG (rank 2): Autotune iteration with RF parameters GaussianRFConfig(num_random_features=8192, length_scale=4.0, use_offset=True, rng_seed=42)
2025-10-02 16:20:35.657 DEBUG (rank 3): Autotune iteration with RF parameters GaussianRFConfig(num_random_features=8192, length_scale=4.0, use_offset=True, rng_seed=42)
2025-10-02 16:20:35.658 DEBUG (rank 1): Autotune iteration with RF parameters GaussianRFConfig(num_random_features=8192, length_scale=4.0, use_offset=True, rng_seed=42)
2025-10-02 16:20:35.659 DEBUG (rank 0): Autotune iteration with RF parameters GaussianRFConfig(num_random_features=8192, length_scale=4.0, use_offset=True, rng_seed=42)
2025-10-02 16:26:12.755 WARNING (rank 1): `leading_eig` normalization has high memory usage. If you encounter OOM errors try to disable it.
2025-10-02 16:26:41.175 WARNING (rank 3): `leading_eig` normalization has high memory usage. If you encounter OOM errors try to disable it.
2025-10-02 16:27:05.333 WARNING (rank 2): `leading_eig` normalization has high memory usage. If you encounter OOM errors try to disable it.
2025-10-02 16:27:23.539 WARNING (rank 0): `leading_eig` normalization has high memory usage. If you encounter OOM errors try to disable it.
2025-10-02 16:27:24.607 DEBUG (rank 0): Retrieved 4 logs.
2025-10-02 16:27:24.607 DEBUG (rank 3): Retrieved 4 logs.
2025-10-02 16:27:24.607 DEBUG (rank 1): Retrieved 4 logs.
2025-10-02 16:27:24.607 DEBUG (rank 2): Retrieved 4 logs.
2025-10-02 16:27:27.404 DEBUG (rank 0): Identified new best model: <LogEntry hash=16b513f3da426f53b445f8f63cb4f993, id=1>
2025-10-02 16:27:27.419 DEBUG (rank 0): Saved best model (within-experiment ID=1) to results_multi_potential/case_m075_RF_8192/run_251002_162030_8464e677/best_ckpt.pt
2025-10-02 16:27:27.420 INFO (rank 0): Trial   1 | rf_type: gaussian | num_random_features:  8192   | length_scale:  4.000  | use_offset:  True   | rng_seed:   42    | Best trial 1 (energy 32.20 meV/atom - forces 35.1 meV/Ang)
2025-10-02 16:27:27.617 DEBUG (rank 2): Autotune iteration with RF parameters GaussianRFConfig(num_random_features=8192, length_scale=6.0, use_offset=True, rng_seed=42)
2025-10-02 16:27:27.618 DEBUG (rank 3): Autotune iteration with RF parameters GaussianRFConfig(num_random_features=8192, length_scale=6.0, use_offset=True, rng_seed=42)
2025-10-02 16:27:27.619 DEBUG (rank 1): Autotune iteration with RF parameters GaussianRFConfig(num_random_features=8192, length_scale=6.0, use_offset=True, rng_seed=42)
2025-10-02 16:27:27.620 DEBUG (rank 0): Autotune iteration with RF parameters GaussianRFConfig(num_random_features=8192, length_scale=6.0, use_offset=True, rng_seed=42)
2025-10-02 16:32:58.550 WARNING (rank 1): `leading_eig` normalization has high memory usage. If you encounter OOM errors try to disable it.
2025-10-02 16:33:20.743 WARNING (rank 3): `leading_eig` normalization has high memory usage. If you encounter OOM errors try to disable it.
2025-10-02 16:33:50.335 WARNING (rank 2): `leading_eig` normalization has high memory usage. If you encounter OOM errors try to disable it.
2025-10-02 16:34:09.175 WARNING (rank 0): `leading_eig` normalization has high memory usage. If you encounter OOM errors try to disable it.
2025-10-02 16:34:09.848 DEBUG (rank 0): Retrieved 4 logs.
2025-10-02 16:34:09.848 DEBUG (rank 3): Retrieved 4 logs.
2025-10-02 16:34:09.848 DEBUG (rank 2): Retrieved 4 logs.
2025-10-02 16:34:09.848 DEBUG (rank 1): Retrieved 4 logs.
2025-10-02 16:34:12.593 DEBUG (rank 0): Identified new best model: <LogEntry hash=e8fde58b2ed54c416c79092e65fc6d02, id=0>
2025-10-02 16:34:12.605 DEBUG (rank 0): Saved best model (within-experiment ID=0) to results_multi_potential/case_m075_RF_8192/run_251002_162030_8464e677/best_ckpt.pt
2025-10-02 16:34:12.606 INFO (rank 0): Trial   2 | rf_type: gaussian | num_random_features:  8192   | length_scale:  6.000  | use_offset:  True   | rng_seed:   42    | Best trial 2 (energy 31.66 meV/atom - forces 33.3 meV/Ang)
2025-10-02 16:34:12.808 DEBUG (rank 3): Autotune iteration with RF parameters GaussianRFConfig(num_random_features=8192, length_scale=8.0, use_offset=True, rng_seed=42)
2025-10-02 16:34:12.806 DEBUG (rank 2): Autotune iteration with RF parameters GaussianRFConfig(num_random_features=8192, length_scale=8.0, use_offset=True, rng_seed=42)
2025-10-02 16:34:12.808 DEBUG (rank 0): Autotune iteration with RF parameters GaussianRFConfig(num_random_features=8192, length_scale=8.0, use_offset=True, rng_seed=42)
2025-10-02 16:34:12.808 DEBUG (rank 1): Autotune iteration with RF parameters GaussianRFConfig(num_random_features=8192, length_scale=8.0, use_offset=True, rng_seed=42)
2025-10-02 16:39:43.941 WARNING (rank 1): `leading_eig` normalization has high memory usage. If you encounter OOM errors try to disable it.
2025-10-02 16:40:05.778 WARNING (rank 3): `leading_eig` normalization has high memory usage. If you encounter OOM errors try to disable it.
2025-10-02 16:40:36.249 WARNING (rank 2): `leading_eig` normalization has high memory usage. If you encounter OOM errors try to disable it.
2025-10-02 16:40:53.747 WARNING (rank 0): `leading_eig` normalization has high memory usage. If you encounter OOM errors try to disable it.
2025-10-02 16:40:54.421 DEBUG (rank 3): Retrieved 4 logs.
2025-10-02 16:40:54.421 DEBUG (rank 0): Retrieved 4 logs.
2025-10-02 16:40:54.421 DEBUG (rank 2): Retrieved 4 logs.
2025-10-02 16:40:54.421 DEBUG (rank 1): Retrieved 4 logs.
2025-10-02 16:40:57.161 DEBUG (rank 0): Identified new best model: <LogEntry hash=ead8a5a310968f7de8eca0ff16270795, id=0>
2025-10-02 16:40:57.173 DEBUG (rank 0): Saved best model (within-experiment ID=0) to results_multi_potential/case_m075_RF_8192/run_251002_162030_8464e677/best_ckpt.pt
2025-10-02 16:40:57.174 INFO (rank 0): Trial   3 | rf_type: gaussian | num_random_features:  8192   | length_scale:  8.000  | use_offset:  True   | rng_seed:   42    | Best trial 3 (energy 36.82 meV/atom - forces 27.9 meV/Ang)
2025-10-02 16:40:57.376 DEBUG (rank 2): Autotune iteration with RF parameters GaussianRFConfig(num_random_features=8192, length_scale=10.0, use_offset=True, rng_seed=42)
2025-10-02 16:40:57.377 DEBUG (rank 1): Autotune iteration with RF parameters GaussianRFConfig(num_random_features=8192, length_scale=10.0, use_offset=True, rng_seed=42)
2025-10-02 16:40:57.377 DEBUG (rank 3): Autotune iteration with RF parameters GaussianRFConfig(num_random_features=8192, length_scale=10.0, use_offset=True, rng_seed=42)
2025-10-02 16:40:57.376 DEBUG (rank 0): Autotune iteration with RF parameters GaussianRFConfig(num_random_features=8192, length_scale=10.0, use_offset=True, rng_seed=42)
2025-10-02 16:46:28.290 WARNING (rank 1): `leading_eig` normalization has high memory usage. If you encounter OOM errors try to disable it.
2025-10-02 16:46:50.613 WARNING (rank 3): `leading_eig` normalization has high memory usage. If you encounter OOM errors try to disable it.
2025-10-02 16:47:21.087 WARNING (rank 2): `leading_eig` normalization has high memory usage. If you encounter OOM errors try to disable it.
2025-10-02 16:47:38.528 WARNING (rank 0): `leading_eig` normalization has high memory usage. If you encounter OOM errors try to disable it.
2025-10-02 16:47:39.200 DEBUG (rank 0): Retrieved 4 logs.
2025-10-02 16:47:39.200 DEBUG (rank 3): Retrieved 4 logs.
2025-10-02 16:47:39.200 DEBUG (rank 2): Retrieved 4 logs.
2025-10-02 16:47:39.200 DEBUG (rank 1): Retrieved 4 logs.
2025-10-02 16:47:41.941 INFO (rank 0): Trial   4 | rf_type: gaussian | num_random_features:  8192   | length_scale: 10.000  | use_offset:  True   | rng_seed:   42    | Best trial 3 (energy 36.82 meV/atom - forces 27.9 meV/Ang)
