2025-10-02 14:29:53.371 DEBUG (rank 0): console_logging_level: INFO
dtype: float64
jac_chunk_size: 8
rf_normalization: leading_eig
run_dir: ./results_multi_potential/case_m05_RF_4096
save_every_model: False
save_fmaps: False
scale_by_species: True
seed: 42
backbone:
    family: mace
    interaction_block: 2
    path_or_id: MACE-L0
dataset:
    max_train_samples: null
    name: Cu_H2O_m05
    test_path: null
    train_path: Dataset/Train_m05_union_with_head.xyz
    val_path: Dataset/Valid_m05_union_with_head.xyz
rfs:
    length_scale:
      num: 4
      scale: linear
      start: 4.0
      stop: 10.0
      value: null
      values: null
    num_random_features: 4096
    rf_type: gaussian
    rng_seed: 42
    use_offset: true
solver:
    force_weight:
      num: 2
      scale: linear
      start: 0.5
      stop: 0.9
      value: null
      values: null
    l2_penalty:
      num: 2
      scale: log
      start: -10
      stop: -7
      value: null
      values: null

2025-10-02 14:29:53.372 INFO (rank 0): Initializing default cache directory at /leonardo/home/userexternal/mbianchi/.franken
2025-10-02 14:29:53.388 INFO (rank 3): Initializing default cache directory at /leonardo/home/userexternal/mbianchi/.franken
2025-10-02 14:29:53.388 INFO (rank 1): Initializing default cache directory at /leonardo/home/userexternal/mbianchi/.franken
2025-10-02 14:29:53.388 INFO (rank 2): Initializing default cache directory at /leonardo/home/userexternal/mbianchi/.franken
2025-10-02 14:29:53.389 INFO (rank 0): Run folder: results_multi_potential/case_m05_RF_4096/run_251002_142953_b2467fb7
2025-10-02 14:29:53.389 INFO (rank 2): Dataset with name 'Cu_H2O_m05' not found in registry
2025-10-02 14:29:53.389 INFO (rank 1): Dataset with name 'Cu_H2O_m05' not found in registry
2025-10-02 14:29:53.389 INFO (rank 3): Dataset with name 'Cu_H2O_m05' not found in registry
2025-10-02 14:29:53.389 INFO (rank 0): Dataset with name 'Cu_H2O_m05' not found in registry
2025-10-02 14:29:58.685 DEBUG (rank 1): Autotune iteration with RF parameters GaussianRFConfig(num_random_features=4096, length_scale=4.0, use_offset=True, rng_seed=42)
2025-10-02 14:29:58.687 DEBUG (rank 3): Autotune iteration with RF parameters GaussianRFConfig(num_random_features=4096, length_scale=4.0, use_offset=True, rng_seed=42)
2025-10-02 14:29:58.688 DEBUG (rank 2): Autotune iteration with RF parameters GaussianRFConfig(num_random_features=4096, length_scale=4.0, use_offset=True, rng_seed=42)
2025-10-02 14:29:58.689 DEBUG (rank 0): Autotune iteration with RF parameters GaussianRFConfig(num_random_features=4096, length_scale=4.0, use_offset=True, rng_seed=42)
2025-10-02 14:35:56.142 WARNING (rank 2): `leading_eig` normalization has high memory usage. If you encounter OOM errors try to disable it.
2025-10-02 14:36:06.912 WARNING (rank 0): `leading_eig` normalization has high memory usage. If you encounter OOM errors try to disable it.
2025-10-02 14:36:14.900 WARNING (rank 3): `leading_eig` normalization has high memory usage. If you encounter OOM errors try to disable it.
2025-10-02 14:36:53.609 WARNING (rank 1): `leading_eig` normalization has high memory usage. If you encounter OOM errors try to disable it.
2025-10-02 14:36:54.213 DEBUG (rank 3): Retrieved 4 logs.
2025-10-02 14:36:54.213 DEBUG (rank 1): Retrieved 4 logs.
2025-10-02 14:36:54.213 DEBUG (rank 2): Retrieved 4 logs.
2025-10-02 14:36:54.213 DEBUG (rank 0): Retrieved 4 logs.
2025-10-02 14:36:56.946 DEBUG (rank 0): Identified new best model: <LogEntry hash=6b136834a6d766795231f5fa53757afb, id=1>
2025-10-02 14:36:56.954 DEBUG (rank 0): Saved best model (within-experiment ID=1) to results_multi_potential/case_m05_RF_4096/run_251002_142953_b2467fb7/best_ckpt.pt
2025-10-02 14:36:56.955 INFO (rank 0): Trial   1 | rf_type: gaussian | num_random_features:  4096   | length_scale:  4.000  | use_offset:  True   | rng_seed:   42    | Best trial 1 (energy 27.81 meV/atom - forces 36.1 meV/Ang)
2025-10-02 14:36:57.154 DEBUG (rank 3): Autotune iteration with RF parameters GaussianRFConfig(num_random_features=4096, length_scale=6.0, use_offset=True, rng_seed=42)
2025-10-02 14:36:57.159 DEBUG (rank 2): Autotune iteration with RF parameters GaussianRFConfig(num_random_features=4096, length_scale=6.0, use_offset=True, rng_seed=42)
2025-10-02 14:36:57.159 DEBUG (rank 0): Autotune iteration with RF parameters GaussianRFConfig(num_random_features=4096, length_scale=6.0, use_offset=True, rng_seed=42)
2025-10-02 14:36:57.160 DEBUG (rank 1): Autotune iteration with RF parameters GaussianRFConfig(num_random_features=4096, length_scale=6.0, use_offset=True, rng_seed=42)
2025-10-02 14:42:48.600 WARNING (rank 2): `leading_eig` normalization has high memory usage. If you encounter OOM errors try to disable it.
2025-10-02 14:42:59.309 WARNING (rank 0): `leading_eig` normalization has high memory usage. If you encounter OOM errors try to disable it.
2025-10-02 14:43:08.449 WARNING (rank 3): `leading_eig` normalization has high memory usage. If you encounter OOM errors try to disable it.
2025-10-02 14:43:49.068 WARNING (rank 1): `leading_eig` normalization has high memory usage. If you encounter OOM errors try to disable it.
2025-10-02 14:43:49.250 DEBUG (rank 1): Retrieved 4 logs.
2025-10-02 14:43:49.250 DEBUG (rank 3): Retrieved 4 logs.
2025-10-02 14:43:49.250 DEBUG (rank 0): Retrieved 4 logs.
2025-10-02 14:43:49.250 DEBUG (rank 2): Retrieved 4 logs.
2025-10-02 14:43:51.921 DEBUG (rank 0): Identified new best model: <LogEntry hash=1b3d20e2db6d6017f91eaf1a1d0afa1d, id=0>
2025-10-02 14:43:51.929 DEBUG (rank 0): Saved best model (within-experiment ID=0) to results_multi_potential/case_m05_RF_4096/run_251002_142953_b2467fb7/best_ckpt.pt
2025-10-02 14:43:51.930 INFO (rank 0): Trial   2 | rf_type: gaussian | num_random_features:  4096   | length_scale:  6.000  | use_offset:  True   | rng_seed:   42    | Best trial 2 (energy 32.05 meV/atom - forces 30.6 meV/Ang)
2025-10-02 14:43:52.139 DEBUG (rank 2): Autotune iteration with RF parameters GaussianRFConfig(num_random_features=4096, length_scale=8.0, use_offset=True, rng_seed=42)
2025-10-02 14:43:52.141 DEBUG (rank 3): Autotune iteration with RF parameters GaussianRFConfig(num_random_features=4096, length_scale=8.0, use_offset=True, rng_seed=42)
2025-10-02 14:43:52.142 DEBUG (rank 0): Autotune iteration with RF parameters GaussianRFConfig(num_random_features=4096, length_scale=8.0, use_offset=True, rng_seed=42)
2025-10-02 14:43:52.141 DEBUG (rank 1): Autotune iteration with RF parameters GaussianRFConfig(num_random_features=4096, length_scale=8.0, use_offset=True, rng_seed=42)
2025-10-02 14:49:42.740 WARNING (rank 2): `leading_eig` normalization has high memory usage. If you encounter OOM errors try to disable it.
2025-10-02 14:49:54.062 WARNING (rank 0): `leading_eig` normalization has high memory usage. If you encounter OOM errors try to disable it.
2025-10-02 14:50:02.890 WARNING (rank 3): `leading_eig` normalization has high memory usage. If you encounter OOM errors try to disable it.
2025-10-02 14:50:44.587 WARNING (rank 1): `leading_eig` normalization has high memory usage. If you encounter OOM errors try to disable it.
2025-10-02 14:50:44.771 DEBUG (rank 1): Retrieved 4 logs.
2025-10-02 14:50:44.771 DEBUG (rank 0): Retrieved 4 logs.
2025-10-02 14:50:44.771 DEBUG (rank 3): Retrieved 4 logs.
2025-10-02 14:50:44.771 DEBUG (rank 2): Retrieved 4 logs.
2025-10-02 14:50:47.445 INFO (rank 0): Trial   3 | rf_type: gaussian | num_random_features:  4096   | length_scale:  8.000  | use_offset:  True   | rng_seed:   42    | Best trial 2 (energy 32.05 meV/atom - forces 30.6 meV/Ang)
2025-10-02 14:50:47.650 DEBUG (rank 2): Autotune iteration with RF parameters GaussianRFConfig(num_random_features=4096, length_scale=10.0, use_offset=True, rng_seed=42)
2025-10-02 14:50:47.655 DEBUG (rank 0): Autotune iteration with RF parameters GaussianRFConfig(num_random_features=4096, length_scale=10.0, use_offset=True, rng_seed=42)
2025-10-02 14:50:47.655 DEBUG (rank 3): Autotune iteration with RF parameters GaussianRFConfig(num_random_features=4096, length_scale=10.0, use_offset=True, rng_seed=42)
2025-10-02 14:50:47.656 DEBUG (rank 1): Autotune iteration with RF parameters GaussianRFConfig(num_random_features=4096, length_scale=10.0, use_offset=True, rng_seed=42)
2025-10-02 14:56:38.747 WARNING (rank 2): `leading_eig` normalization has high memory usage. If you encounter OOM errors try to disable it.
2025-10-02 14:56:49.650 WARNING (rank 0): `leading_eig` normalization has high memory usage. If you encounter OOM errors try to disable it.
2025-10-02 14:56:58.386 WARNING (rank 3): `leading_eig` normalization has high memory usage. If you encounter OOM errors try to disable it.
2025-10-02 14:57:39.336 WARNING (rank 1): `leading_eig` normalization has high memory usage. If you encounter OOM errors try to disable it.
2025-10-02 14:57:39.516 DEBUG (rank 1): Retrieved 4 logs.
2025-10-02 14:57:39.516 DEBUG (rank 3): Retrieved 4 logs.
2025-10-02 14:57:39.516 DEBUG (rank 0): Retrieved 4 logs.
2025-10-02 14:57:39.516 DEBUG (rank 2): Retrieved 4 logs.
2025-10-02 14:57:42.250 INFO (rank 0): Trial   4 | rf_type: gaussian | num_random_features:  4096   | length_scale: 10.000  | use_offset:  True   | rng_seed:   42    | Best trial 2 (energy 32.05 meV/atom - forces 30.6 meV/Ang)
