2025-10-03 12:47:01.960 DEBUG (rank 0): console_logging_level: INFO
dtype: float64
jac_chunk_size: 8
rf_normalization: leading_eig
run_dir: ./results_multi_potential/case_m15_RF_1024
save_every_model: False
save_fmaps: False
scale_by_species: True
seed: 42
backbone:
    family: mace
    interaction_block: 2
    path_or_id: MACE-L0
dataset:
    max_train_samples: null
    name: Cu_H2O_m15
    test_path: null
    train_path: Dataset/Train_m15_union_with_head.xyz
    val_path: Dataset/Valid_m15_union_with_head.xyz
rfs:
    length_scale:
      num: 4
      scale: linear
      start: 4.0
      stop: 10.0
      value: null
      values: null
    num_random_features: 1024
    rf_type: gaussian
    rng_seed: 42
    use_offset: true
solver:
    force_weight:
      num: 2
      scale: linear
      start: 0.5
      stop: 0.9
      value: null
      values: null
    l2_penalty:
      num: 2
      scale: log
      start: -10
      stop: -7
      value: null
      values: null

2025-10-03 12:47:01.961 INFO (rank 0): Initializing default cache directory at /leonardo/home/userexternal/mbianchi/.franken
2025-10-03 12:47:01.977 INFO (rank 1): Initializing default cache directory at /leonardo/home/userexternal/mbianchi/.franken
2025-10-03 12:47:01.977 INFO (rank 3): Initializing default cache directory at /leonardo/home/userexternal/mbianchi/.franken
2025-10-03 12:47:01.977 INFO (rank 2): Initializing default cache directory at /leonardo/home/userexternal/mbianchi/.franken
2025-10-03 12:47:01.978 INFO (rank 0): Run folder: results_multi_potential/case_m15_RF_1024/run_251003_124701_a638700d
2025-10-03 12:47:01.978 INFO (rank 1): Dataset with name 'Cu_H2O_m15' not found in registry
2025-10-03 12:47:01.978 INFO (rank 2): Dataset with name 'Cu_H2O_m15' not found in registry
2025-10-03 12:47:01.978 INFO (rank 0): Dataset with name 'Cu_H2O_m15' not found in registry
2025-10-03 12:47:01.978 INFO (rank 3): Dataset with name 'Cu_H2O_m15' not found in registry
2025-10-03 12:47:07.494 DEBUG (rank 1): Autotune iteration with RF parameters GaussianRFConfig(num_random_features=1024, length_scale=4.0, use_offset=True, rng_seed=42)
2025-10-03 12:47:07.496 DEBUG (rank 2): Autotune iteration with RF parameters GaussianRFConfig(num_random_features=1024, length_scale=4.0, use_offset=True, rng_seed=42)
2025-10-03 12:47:07.497 DEBUG (rank 3): Autotune iteration with RF parameters GaussianRFConfig(num_random_features=1024, length_scale=4.0, use_offset=True, rng_seed=42)
2025-10-03 12:47:07.501 DEBUG (rank 0): Autotune iteration with RF parameters GaussianRFConfig(num_random_features=1024, length_scale=4.0, use_offset=True, rng_seed=42)
2025-10-03 12:53:05.849 WARNING (rank 2): `leading_eig` normalization has high memory usage. If you encounter OOM errors try to disable it.
2025-10-03 12:53:23.068 WARNING (rank 0): `leading_eig` normalization has high memory usage. If you encounter OOM errors try to disable it.
2025-10-03 12:53:29.933 WARNING (rank 1): `leading_eig` normalization has high memory usage. If you encounter OOM errors try to disable it.
2025-10-03 12:53:56.236 WARNING (rank 3): `leading_eig` normalization has high memory usage. If you encounter OOM errors try to disable it.
2025-10-03 12:53:56.690 DEBUG (rank 2): Retrieved 4 logs.
2025-10-03 12:53:56.690 DEBUG (rank 3): Retrieved 4 logs.
2025-10-03 12:53:56.690 DEBUG (rank 0): Retrieved 4 logs.
2025-10-03 12:53:56.690 DEBUG (rank 1): Retrieved 4 logs.
2025-10-03 12:53:59.392 DEBUG (rank 0): Identified new best model: <LogEntry hash=aac870cc816a8a11e9ab336e04b5f859, id=3>
2025-10-03 12:53:59.397 DEBUG (rank 0): Saved best model (within-experiment ID=3) to results_multi_potential/case_m15_RF_1024/run_251003_124701_a638700d/best_ckpt.pt
2025-10-03 12:53:59.398 INFO (rank 0): Trial   1 | rf_type: gaussian | num_random_features:  1024   | length_scale:  4.000  | use_offset:  True   | rng_seed:   42    | Best trial 1 (energy 44.29 meV/atom - forces 29.2 meV/Ang)
2025-10-03 12:53:59.583 DEBUG (rank 1): Autotune iteration with RF parameters GaussianRFConfig(num_random_features=1024, length_scale=6.0, use_offset=True, rng_seed=42)
2025-10-03 12:53:59.595 DEBUG (rank 0): Autotune iteration with RF parameters GaussianRFConfig(num_random_features=1024, length_scale=6.0, use_offset=True, rng_seed=42)
2025-10-03 12:53:59.595 DEBUG (rank 2): Autotune iteration with RF parameters GaussianRFConfig(num_random_features=1024, length_scale=6.0, use_offset=True, rng_seed=42)
2025-10-03 12:53:59.595 DEBUG (rank 3): Autotune iteration with RF parameters GaussianRFConfig(num_random_features=1024, length_scale=6.0, use_offset=True, rng_seed=42)
2025-10-03 12:59:49.178 WARNING (rank 2): `leading_eig` normalization has high memory usage. If you encounter OOM errors try to disable it.
2025-10-03 13:00:09.018 WARNING (rank 0): `leading_eig` normalization has high memory usage. If you encounter OOM errors try to disable it.
2025-10-03 13:00:16.737 WARNING (rank 1): `leading_eig` normalization has high memory usage. If you encounter OOM errors try to disable it.
2025-10-03 13:00:41.264 WARNING (rank 3): `leading_eig` normalization has high memory usage. If you encounter OOM errors try to disable it.
2025-10-03 13:00:41.292 DEBUG (rank 3): Retrieved 4 logs.
2025-10-03 13:00:41.292 DEBUG (rank 1): Retrieved 4 logs.
2025-10-03 13:00:41.292 DEBUG (rank 2): Retrieved 4 logs.
2025-10-03 13:00:41.292 DEBUG (rank 0): Retrieved 4 logs.
2025-10-03 13:00:43.933 DEBUG (rank 0): Identified new best model: <LogEntry hash=6540f1dafd2f5137ce08020a4aac1df1, id=1>
2025-10-03 13:00:43.937 DEBUG (rank 0): Saved best model (within-experiment ID=1) to results_multi_potential/case_m15_RF_1024/run_251003_124701_a638700d/best_ckpt.pt
2025-10-03 13:00:43.938 INFO (rank 0): Trial   2 | rf_type: gaussian | num_random_features:  1024   | length_scale:  6.000  | use_offset:  True   | rng_seed:   42    | Best trial 2 (energy 42.70 meV/atom - forces 29.3 meV/Ang)
2025-10-03 13:00:44.137 DEBUG (rank 2): Autotune iteration with RF parameters GaussianRFConfig(num_random_features=1024, length_scale=8.0, use_offset=True, rng_seed=42)
2025-10-03 13:00:44.136 DEBUG (rank 1): Autotune iteration with RF parameters GaussianRFConfig(num_random_features=1024, length_scale=8.0, use_offset=True, rng_seed=42)
2025-10-03 13:00:44.138 DEBUG (rank 0): Autotune iteration with RF parameters GaussianRFConfig(num_random_features=1024, length_scale=8.0, use_offset=True, rng_seed=42)
2025-10-03 13:00:44.139 DEBUG (rank 3): Autotune iteration with RF parameters GaussianRFConfig(num_random_features=1024, length_scale=8.0, use_offset=True, rng_seed=42)
2025-10-03 13:06:34.361 WARNING (rank 2): `leading_eig` normalization has high memory usage. If you encounter OOM errors try to disable it.
2025-10-03 13:06:54.336 WARNING (rank 0): `leading_eig` normalization has high memory usage. If you encounter OOM errors try to disable it.
2025-10-03 13:07:00.720 WARNING (rank 1): `leading_eig` normalization has high memory usage. If you encounter OOM errors try to disable it.
2025-10-03 13:07:26.276 WARNING (rank 3): `leading_eig` normalization has high memory usage. If you encounter OOM errors try to disable it.
2025-10-03 13:07:26.301 DEBUG (rank 0): Retrieved 4 logs.
2025-10-03 13:07:26.301 DEBUG (rank 1): Retrieved 4 logs.
2025-10-03 13:07:26.301 DEBUG (rank 2): Retrieved 4 logs.
2025-10-03 13:07:26.301 DEBUG (rank 3): Retrieved 4 logs.
2025-10-03 13:07:28.962 DEBUG (rank 0): Identified new best model: <LogEntry hash=fbf4e2fc3cac011e9c0687872e3a48fa, id=0>
2025-10-03 13:07:28.966 DEBUG (rank 0): Saved best model (within-experiment ID=0) to results_multi_potential/case_m15_RF_1024/run_251003_124701_a638700d/best_ckpt.pt
2025-10-03 13:07:28.966 INFO (rank 0): Trial   3 | rf_type: gaussian | num_random_features:  1024   | length_scale:  8.000  | use_offset:  True   | rng_seed:   42    | Best trial 3 (energy 43.44 meV/atom - forces 28.2 meV/Ang)
2025-10-03 13:07:29.166 DEBUG (rank 1): Autotune iteration with RF parameters GaussianRFConfig(num_random_features=1024, length_scale=10.0, use_offset=True, rng_seed=42)
2025-10-03 13:07:29.167 DEBUG (rank 0): Autotune iteration with RF parameters GaussianRFConfig(num_random_features=1024, length_scale=10.0, use_offset=True, rng_seed=42)
2025-10-03 13:07:29.167 DEBUG (rank 3): Autotune iteration with RF parameters GaussianRFConfig(num_random_features=1024, length_scale=10.0, use_offset=True, rng_seed=42)
2025-10-03 13:07:29.167 DEBUG (rank 2): Autotune iteration with RF parameters GaussianRFConfig(num_random_features=1024, length_scale=10.0, use_offset=True, rng_seed=42)
2025-10-03 13:13:19.066 WARNING (rank 2): `leading_eig` normalization has high memory usage. If you encounter OOM errors try to disable it.
2025-10-03 13:13:39.839 WARNING (rank 0): `leading_eig` normalization has high memory usage. If you encounter OOM errors try to disable it.
2025-10-03 13:13:46.124 WARNING (rank 1): `leading_eig` normalization has high memory usage. If you encounter OOM errors try to disable it.
2025-10-03 13:14:10.969 WARNING (rank 3): `leading_eig` normalization has high memory usage. If you encounter OOM errors try to disable it.
2025-10-03 13:14:10.998 DEBUG (rank 1): Retrieved 4 logs.
2025-10-03 13:14:10.998 DEBUG (rank 0): Retrieved 4 logs.
2025-10-03 13:14:10.998 DEBUG (rank 2): Retrieved 4 logs.
2025-10-03 13:14:10.998 DEBUG (rank 3): Retrieved 4 logs.
2025-10-03 13:14:13.640 INFO (rank 0): Trial   4 | rf_type: gaussian | num_random_features:  1024   | length_scale: 10.000  | use_offset:  True   | rng_seed:   42    | Best trial 3 (energy 43.44 meV/atom - forces 28.2 meV/Ang)
