2025-10-02 20:27:25.308 DEBUG (rank 0): console_logging_level: INFO
dtype: float64
jac_chunk_size: 8
rf_normalization: leading_eig
run_dir: ./results_multi_potential/case_m15_RF_8192
save_every_model: False
save_fmaps: False
scale_by_species: True
seed: 42
backbone:
    family: mace
    interaction_block: 2
    path_or_id: MACE-L0
dataset:
    max_train_samples: null
    name: Cu_H2O_m15
    test_path: null
    train_path: Dataset/Train_m15_union_with_head.xyz
    val_path: Dataset/Valid_m15_union_with_head.xyz
rfs:
    length_scale:
      num: 4
      scale: linear
      start: 4.0
      stop: 10.0
      value: null
      values: null
    num_random_features: 8192
    rf_type: gaussian
    rng_seed: 42
    use_offset: true
solver:
    force_weight:
      num: 2
      scale: linear
      start: 0.5
      stop: 0.9
      value: null
      values: null
    l2_penalty:
      num: 2
      scale: log
      start: -10
      stop: -7
      value: null
      values: null

2025-10-02 20:27:25.309 INFO (rank 0): Initializing default cache directory at /leonardo/home/userexternal/mbianchi/.franken
2025-10-02 20:27:25.325 INFO (rank 3): Initializing default cache directory at /leonardo/home/userexternal/mbianchi/.franken
2025-10-02 20:27:25.325 INFO (rank 2): Initializing default cache directory at /leonardo/home/userexternal/mbianchi/.franken
2025-10-02 20:27:25.326 INFO (rank 1): Initializing default cache directory at /leonardo/home/userexternal/mbianchi/.franken
2025-10-02 20:27:25.326 INFO (rank 0): Run folder: results_multi_potential/case_m15_RF_8192/run_251002_202725_98c30dd1
2025-10-02 20:27:25.326 INFO (rank 2): Dataset with name 'Cu_H2O_m15' not found in registry
2025-10-02 20:27:25.326 INFO (rank 1): Dataset with name 'Cu_H2O_m15' not found in registry
2025-10-02 20:27:25.326 INFO (rank 0): Dataset with name 'Cu_H2O_m15' not found in registry
2025-10-02 20:27:25.326 INFO (rank 3): Dataset with name 'Cu_H2O_m15' not found in registry
2025-10-02 20:27:30.542 DEBUG (rank 3): Autotune iteration with RF parameters GaussianRFConfig(num_random_features=8192, length_scale=4.0, use_offset=True, rng_seed=42)
2025-10-02 20:27:30.544 DEBUG (rank 0): Autotune iteration with RF parameters GaussianRFConfig(num_random_features=8192, length_scale=4.0, use_offset=True, rng_seed=42)
2025-10-02 20:27:30.544 DEBUG (rank 2): Autotune iteration with RF parameters GaussianRFConfig(num_random_features=8192, length_scale=4.0, use_offset=True, rng_seed=42)
2025-10-02 20:27:30.546 DEBUG (rank 1): Autotune iteration with RF parameters GaussianRFConfig(num_random_features=8192, length_scale=4.0, use_offset=True, rng_seed=42)
2025-10-02 20:33:03.601 WARNING (rank 3): `leading_eig` normalization has high memory usage. If you encounter OOM errors try to disable it.
2025-10-02 20:33:21.130 WARNING (rank 1): `leading_eig` normalization has high memory usage. If you encounter OOM errors try to disable it.
2025-10-02 20:33:37.032 WARNING (rank 2): `leading_eig` normalization has high memory usage. If you encounter OOM errors try to disable it.
2025-10-02 20:34:51.373 WARNING (rank 0): `leading_eig` normalization has high memory usage. If you encounter OOM errors try to disable it.
2025-10-02 20:34:52.452 DEBUG (rank 3): Retrieved 4 logs.
2025-10-02 20:34:52.452 DEBUG (rank 0): Retrieved 4 logs.
2025-10-02 20:34:52.452 DEBUG (rank 2): Retrieved 4 logs.
2025-10-02 20:34:52.452 DEBUG (rank 1): Retrieved 4 logs.
2025-10-02 20:34:55.259 DEBUG (rank 0): Identified new best model: <LogEntry hash=16b513f3da426f53b445f8f63cb4f993, id=1>
2025-10-02 20:34:55.273 DEBUG (rank 0): Saved best model (within-experiment ID=1) to results_multi_potential/case_m15_RF_8192/run_251002_202725_98c30dd1/best_ckpt.pt
2025-10-02 20:34:55.274 INFO (rank 0): Trial   1 | rf_type: gaussian | num_random_features:  8192   | length_scale:  4.000  | use_offset:  True   | rng_seed:   42    | Best trial 1 (energy 33.66 meV/atom - forces 36.4 meV/Ang)
2025-10-02 20:34:55.467 DEBUG (rank 3): Autotune iteration with RF parameters GaussianRFConfig(num_random_features=8192, length_scale=6.0, use_offset=True, rng_seed=42)
2025-10-02 20:34:55.471 DEBUG (rank 2): Autotune iteration with RF parameters GaussianRFConfig(num_random_features=8192, length_scale=6.0, use_offset=True, rng_seed=42)
2025-10-02 20:34:55.471 DEBUG (rank 1): Autotune iteration with RF parameters GaussianRFConfig(num_random_features=8192, length_scale=6.0, use_offset=True, rng_seed=42)
2025-10-02 20:34:55.471 DEBUG (rank 0): Autotune iteration with RF parameters GaussianRFConfig(num_random_features=8192, length_scale=6.0, use_offset=True, rng_seed=42)
2025-10-02 20:40:20.311 WARNING (rank 3): `leading_eig` normalization has high memory usage. If you encounter OOM errors try to disable it.
2025-10-02 20:40:38.209 WARNING (rank 1): `leading_eig` normalization has high memory usage. If you encounter OOM errors try to disable it.
2025-10-02 20:40:55.608 WARNING (rank 2): `leading_eig` normalization has high memory usage. If you encounter OOM errors try to disable it.
2025-10-02 20:42:14.491 WARNING (rank 0): `leading_eig` normalization has high memory usage. If you encounter OOM errors try to disable it.
2025-10-02 20:42:15.196 DEBUG (rank 3): Retrieved 4 logs.
2025-10-02 20:42:15.196 DEBUG (rank 0): Retrieved 4 logs.
2025-10-02 20:42:15.196 DEBUG (rank 2): Retrieved 4 logs.
2025-10-02 20:42:15.196 DEBUG (rank 1): Retrieved 4 logs.
2025-10-02 20:42:17.951 DEBUG (rank 0): Identified new best model: <LogEntry hash=e8fde58b2ed54c416c79092e65fc6d02, id=0>
2025-10-02 20:42:17.963 DEBUG (rank 0): Saved best model (within-experiment ID=0) to results_multi_potential/case_m15_RF_8192/run_251002_202725_98c30dd1/best_ckpt.pt
2025-10-02 20:42:17.963 INFO (rank 0): Trial   2 | rf_type: gaussian | num_random_features:  8192   | length_scale:  6.000  | use_offset:  True   | rng_seed:   42    | Best trial 2 (energy 33.53 meV/atom - forces 34.9 meV/Ang)
2025-10-02 20:42:18.162 DEBUG (rank 3): Autotune iteration with RF parameters GaussianRFConfig(num_random_features=8192, length_scale=8.0, use_offset=True, rng_seed=42)
2025-10-02 20:42:18.163 DEBUG (rank 1): Autotune iteration with RF parameters GaussianRFConfig(num_random_features=8192, length_scale=8.0, use_offset=True, rng_seed=42)
2025-10-02 20:42:18.163 DEBUG (rank 2): Autotune iteration with RF parameters GaussianRFConfig(num_random_features=8192, length_scale=8.0, use_offset=True, rng_seed=42)
2025-10-02 20:42:18.164 DEBUG (rank 0): Autotune iteration with RF parameters GaussianRFConfig(num_random_features=8192, length_scale=8.0, use_offset=True, rng_seed=42)
2025-10-02 20:47:43.735 WARNING (rank 3): `leading_eig` normalization has high memory usage. If you encounter OOM errors try to disable it.
2025-10-02 20:48:01.148 WARNING (rank 1): `leading_eig` normalization has high memory usage. If you encounter OOM errors try to disable it.
2025-10-02 20:48:18.308 WARNING (rank 2): `leading_eig` normalization has high memory usage. If you encounter OOM errors try to disable it.
2025-10-02 20:49:36.446 WARNING (rank 0): `leading_eig` normalization has high memory usage. If you encounter OOM errors try to disable it.
2025-10-02 20:49:37.149 DEBUG (rank 0): Retrieved 4 logs.
2025-10-02 20:49:37.149 DEBUG (rank 3): Retrieved 4 logs.
2025-10-02 20:49:37.149 DEBUG (rank 2): Retrieved 4 logs.
2025-10-02 20:49:37.149 DEBUG (rank 1): Retrieved 4 logs.
2025-10-02 20:49:39.899 INFO (rank 0): Trial   3 | rf_type: gaussian | num_random_features:  8192   | length_scale:  8.000  | use_offset:  True   | rng_seed:   42    | Best trial 2 (energy 33.53 meV/atom - forces 34.9 meV/Ang)
2025-10-02 20:49:40.097 DEBUG (rank 3): Autotune iteration with RF parameters GaussianRFConfig(num_random_features=8192, length_scale=10.0, use_offset=True, rng_seed=42)
2025-10-02 20:49:40.098 DEBUG (rank 1): Autotune iteration with RF parameters GaussianRFConfig(num_random_features=8192, length_scale=10.0, use_offset=True, rng_seed=42)
2025-10-02 20:49:40.098 DEBUG (rank 2): Autotune iteration with RF parameters GaussianRFConfig(num_random_features=8192, length_scale=10.0, use_offset=True, rng_seed=42)
2025-10-02 20:49:40.099 DEBUG (rank 0): Autotune iteration with RF parameters GaussianRFConfig(num_random_features=8192, length_scale=10.0, use_offset=True, rng_seed=42)
2025-10-02 20:55:05.482 WARNING (rank 3): `leading_eig` normalization has high memory usage. If you encounter OOM errors try to disable it.
2025-10-02 20:55:22.962 WARNING (rank 1): `leading_eig` normalization has high memory usage. If you encounter OOM errors try to disable it.
2025-10-02 20:55:39.593 WARNING (rank 2): `leading_eig` normalization has high memory usage. If you encounter OOM errors try to disable it.
2025-10-02 20:56:58.543 WARNING (rank 0): `leading_eig` normalization has high memory usage. If you encounter OOM errors try to disable it.
2025-10-02 20:56:59.246 DEBUG (rank 3): Retrieved 4 logs.
2025-10-02 20:56:59.246 DEBUG (rank 0): Retrieved 4 logs.
2025-10-02 20:56:59.246 DEBUG (rank 2): Retrieved 4 logs.
2025-10-02 20:56:59.246 DEBUG (rank 1): Retrieved 4 logs.
2025-10-02 20:57:01.996 INFO (rank 0): Trial   4 | rf_type: gaussian | num_random_features:  8192   | length_scale: 10.000  | use_offset:  True   | rng_seed:   42    | Best trial 2 (energy 33.53 meV/atom - forces 34.9 meV/Ang)
