2025-10-02 17:40:05.070 DEBUG (rank 0): console_logging_level: INFO
dtype: float64
jac_chunk_size: 8
rf_normalization: leading_eig
run_dir: ./results_multi_potential/case_m1_RF_8192
save_every_model: False
save_fmaps: False
scale_by_species: True
seed: 42
backbone:
    family: mace
    interaction_block: 2
    path_or_id: MACE-L0
dataset:
    max_train_samples: null
    name: Cu_H2O_m1
    test_path: null
    train_path: Dataset/Train_m1_union_with_head.xyz
    val_path: Dataset/Valid_m1_union_with_head.xyz
rfs:
    length_scale:
      num: 4
      scale: linear
      start: 4.0
      stop: 10.0
      value: null
      values: null
    num_random_features: 8192
    rf_type: gaussian
    rng_seed: 42
    use_offset: true
solver:
    force_weight:
      num: 2
      scale: linear
      start: 0.5
      stop: 0.9
      value: null
      values: null
    l2_penalty:
      num: 2
      scale: log
      start: -10
      stop: -7
      value: null
      values: null

2025-10-02 17:40:05.070 INFO (rank 0): Initializing default cache directory at /leonardo/home/userexternal/mbianchi/.franken
2025-10-02 17:40:05.075 INFO (rank 0): Run folder: results_multi_potential/case_m1_RF_8192/run_251002_174004_caabb798
2025-10-02 17:40:05.086 INFO (rank 1): Initializing default cache directory at /leonardo/home/userexternal/mbianchi/.franken
2025-10-02 17:40:05.086 INFO (rank 3): Initializing default cache directory at /leonardo/home/userexternal/mbianchi/.franken
2025-10-02 17:40:05.086 INFO (rank 2): Initializing default cache directory at /leonardo/home/userexternal/mbianchi/.franken
2025-10-02 17:40:05.086 INFO (rank 1): Dataset with name 'Cu_H2O_m1' not found in registry
2025-10-02 17:40:05.086 INFO (rank 0): Dataset with name 'Cu_H2O_m1' not found in registry
2025-10-02 17:40:05.086 INFO (rank 2): Dataset with name 'Cu_H2O_m1' not found in registry
2025-10-02 17:40:05.086 INFO (rank 3): Dataset with name 'Cu_H2O_m1' not found in registry
2025-10-02 17:40:10.334 DEBUG (rank 1): Autotune iteration with RF parameters GaussianRFConfig(num_random_features=8192, length_scale=4.0, use_offset=True, rng_seed=42)
2025-10-02 17:40:10.337 DEBUG (rank 3): Autotune iteration with RF parameters GaussianRFConfig(num_random_features=8192, length_scale=4.0, use_offset=True, rng_seed=42)
2025-10-02 17:40:10.337 DEBUG (rank 2): Autotune iteration with RF parameters GaussianRFConfig(num_random_features=8192, length_scale=4.0, use_offset=True, rng_seed=42)
2025-10-02 17:40:10.339 DEBUG (rank 0): Autotune iteration with RF parameters GaussianRFConfig(num_random_features=8192, length_scale=4.0, use_offset=True, rng_seed=42)
2025-10-02 17:46:20.474 WARNING (rank 3): `leading_eig` normalization has high memory usage. If you encounter OOM errors try to disable it.
2025-10-02 17:46:25.867 WARNING (rank 2): `leading_eig` normalization has high memory usage. If you encounter OOM errors try to disable it.
2025-10-02 17:46:33.149 WARNING (rank 1): `leading_eig` normalization has high memory usage. If you encounter OOM errors try to disable it.
2025-10-02 17:46:42.021 WARNING (rank 0): `leading_eig` normalization has high memory usage. If you encounter OOM errors try to disable it.
2025-10-02 17:46:43.085 DEBUG (rank 0): Retrieved 4 logs.
2025-10-02 17:46:43.085 DEBUG (rank 2): Retrieved 4 logs.
2025-10-02 17:46:43.085 DEBUG (rank 1): Retrieved 4 logs.
2025-10-02 17:46:43.085 DEBUG (rank 3): Retrieved 4 logs.
2025-10-02 17:46:45.846 DEBUG (rank 0): Identified new best model: <LogEntry hash=16b513f3da426f53b445f8f63cb4f993, id=0>
2025-10-02 17:46:45.862 DEBUG (rank 0): Saved best model (within-experiment ID=0) to results_multi_potential/case_m1_RF_8192/run_251002_174004_caabb798/best_ckpt.pt
2025-10-02 17:46:45.863 INFO (rank 0): Trial   1 | rf_type: gaussian | num_random_features:  8192   | length_scale:  4.000  | use_offset:  True   | rng_seed:   42    | Best trial 1 (energy 46.74 meV/atom - forces 39.0 meV/Ang)
2025-10-02 17:46:46.064 DEBUG (rank 2): Autotune iteration with RF parameters GaussianRFConfig(num_random_features=8192, length_scale=6.0, use_offset=True, rng_seed=42)
2025-10-02 17:46:46.066 DEBUG (rank 3): Autotune iteration with RF parameters GaussianRFConfig(num_random_features=8192, length_scale=6.0, use_offset=True, rng_seed=42)
2025-10-02 17:46:46.066 DEBUG (rank 0): Autotune iteration with RF parameters GaussianRFConfig(num_random_features=8192, length_scale=6.0, use_offset=True, rng_seed=42)
2025-10-02 17:46:46.067 DEBUG (rank 1): Autotune iteration with RF parameters GaussianRFConfig(num_random_features=8192, length_scale=6.0, use_offset=True, rng_seed=42)
2025-10-02 17:52:50.198 WARNING (rank 3): `leading_eig` normalization has high memory usage. If you encounter OOM errors try to disable it.
2025-10-02 17:52:55.612 WARNING (rank 2): `leading_eig` normalization has high memory usage. If you encounter OOM errors try to disable it.
2025-10-02 17:53:02.239 WARNING (rank 1): `leading_eig` normalization has high memory usage. If you encounter OOM errors try to disable it.
2025-10-02 17:53:10.864 WARNING (rank 0): `leading_eig` normalization has high memory usage. If you encounter OOM errors try to disable it.
2025-10-02 17:53:11.541 DEBUG (rank 0): Retrieved 4 logs.
2025-10-02 17:53:11.541 DEBUG (rank 1): Retrieved 4 logs.
2025-10-02 17:53:11.541 DEBUG (rank 2): Retrieved 4 logs.
2025-10-02 17:53:11.541 DEBUG (rank 3): Retrieved 4 logs.
2025-10-02 17:53:14.234 INFO (rank 0): Trial   2 | rf_type: gaussian | num_random_features:  8192   | length_scale:  6.000  | use_offset:  True   | rng_seed:   42    | Best trial 1 (energy 46.74 meV/atom - forces 39.0 meV/Ang)
2025-10-02 17:53:14.441 DEBUG (rank 2): Autotune iteration with RF parameters GaussianRFConfig(num_random_features=8192, length_scale=8.0, use_offset=True, rng_seed=42)
2025-10-02 17:53:14.443 DEBUG (rank 1): Autotune iteration with RF parameters GaussianRFConfig(num_random_features=8192, length_scale=8.0, use_offset=True, rng_seed=42)
2025-10-02 17:53:14.442 DEBUG (rank 0): Autotune iteration with RF parameters GaussianRFConfig(num_random_features=8192, length_scale=8.0, use_offset=True, rng_seed=42)
2025-10-02 17:53:14.442 DEBUG (rank 3): Autotune iteration with RF parameters GaussianRFConfig(num_random_features=8192, length_scale=8.0, use_offset=True, rng_seed=42)
2025-10-02 17:59:18.744 WARNING (rank 3): `leading_eig` normalization has high memory usage. If you encounter OOM errors try to disable it.
2025-10-02 17:59:23.557 WARNING (rank 2): `leading_eig` normalization has high memory usage. If you encounter OOM errors try to disable it.
2025-10-02 17:59:31.021 WARNING (rank 1): `leading_eig` normalization has high memory usage. If you encounter OOM errors try to disable it.
2025-10-02 17:59:39.157 WARNING (rank 0): `leading_eig` normalization has high memory usage. If you encounter OOM errors try to disable it.
2025-10-02 17:59:39.835 DEBUG (rank 0): Retrieved 4 logs.
2025-10-02 17:59:39.835 DEBUG (rank 1): Retrieved 4 logs.
2025-10-02 17:59:39.835 DEBUG (rank 2): Retrieved 4 logs.
2025-10-02 17:59:39.835 DEBUG (rank 3): Retrieved 4 logs.
2025-10-02 17:59:42.528 INFO (rank 0): Trial   3 | rf_type: gaussian | num_random_features:  8192   | length_scale:  8.000  | use_offset:  True   | rng_seed:   42    | Best trial 1 (energy 46.74 meV/atom - forces 39.0 meV/Ang)
2025-10-02 17:59:42.735 DEBUG (rank 0): Autotune iteration with RF parameters GaussianRFConfig(num_random_features=8192, length_scale=10.0, use_offset=True, rng_seed=42)
2025-10-02 17:59:42.735 DEBUG (rank 1): Autotune iteration with RF parameters GaussianRFConfig(num_random_features=8192, length_scale=10.0, use_offset=True, rng_seed=42)
2025-10-02 17:59:42.736 DEBUG (rank 2): Autotune iteration with RF parameters GaussianRFConfig(num_random_features=8192, length_scale=10.0, use_offset=True, rng_seed=42)
2025-10-02 17:59:42.736 DEBUG (rank 3): Autotune iteration with RF parameters GaussianRFConfig(num_random_features=8192, length_scale=10.0, use_offset=True, rng_seed=42)
2025-10-02 18:05:46.862 WARNING (rank 3): `leading_eig` normalization has high memory usage. If you encounter OOM errors try to disable it.
2025-10-02 18:05:51.967 WARNING (rank 2): `leading_eig` normalization has high memory usage. If you encounter OOM errors try to disable it.
2025-10-02 18:05:58.996 WARNING (rank 1): `leading_eig` normalization has high memory usage. If you encounter OOM errors try to disable it.
2025-10-02 18:06:07.506 WARNING (rank 0): `leading_eig` normalization has high memory usage. If you encounter OOM errors try to disable it.
2025-10-02 18:06:08.189 DEBUG (rank 0): Retrieved 4 logs.
2025-10-02 18:06:08.189 DEBUG (rank 2): Retrieved 4 logs.
2025-10-02 18:06:08.189 DEBUG (rank 1): Retrieved 4 logs.
2025-10-02 18:06:08.189 DEBUG (rank 3): Retrieved 4 logs.
2025-10-02 18:06:10.883 INFO (rank 0): Trial   4 | rf_type: gaussian | num_random_features:  8192   | length_scale: 10.000  | use_offset:  True   | rng_seed:   42    | Best trial 1 (energy 46.74 meV/atom - forces 39.0 meV/Ang)
