2025-10-02 22:42:38.090 DEBUG (rank 0): console_logging_level: INFO
dtype: float64
jac_chunk_size: 8
rf_normalization: leading_eig
run_dir: ./results_multi_potential/case_m2_RF_4096
save_every_model: False
save_fmaps: False
scale_by_species: True
seed: 42
backbone:
    family: mace
    interaction_block: 2
    path_or_id: MACE-L0
dataset:
    max_train_samples: null
    name: Cu_H2O_m2
    test_path: null
    train_path: Dataset/Train_m2_union_with_head.xyz
    val_path: Dataset/Valid_m2_union_with_head.xyz
rfs:
    length_scale:
      num: 4
      scale: linear
      start: 4.0
      stop: 10.0
      value: null
      values: null
    num_random_features: 4096
    rf_type: gaussian
    rng_seed: 42
    use_offset: true
solver:
    force_weight:
      num: 2
      scale: linear
      start: 0.5
      stop: 0.9
      value: null
      values: null
    l2_penalty:
      num: 2
      scale: log
      start: -10
      stop: -7
      value: null
      values: null

2025-10-02 22:42:38.091 INFO (rank 0): Initializing default cache directory at /leonardo/home/userexternal/mbianchi/.franken
2025-10-02 22:42:38.107 INFO (rank 1): Initializing default cache directory at /leonardo/home/userexternal/mbianchi/.franken
2025-10-02 22:42:38.107 INFO (rank 3): Initializing default cache directory at /leonardo/home/userexternal/mbianchi/.franken
2025-10-02 22:42:38.108 INFO (rank 2): Initializing default cache directory at /leonardo/home/userexternal/mbianchi/.franken
2025-10-02 22:42:38.109 INFO (rank 0): Run folder: results_multi_potential/case_m2_RF_4096/run_251002_224238_19d8209c
2025-10-02 22:42:38.110 INFO (rank 1): Dataset with name 'Cu_H2O_m2' not found in registry
2025-10-02 22:42:38.110 INFO (rank 2): Dataset with name 'Cu_H2O_m2' not found in registry
2025-10-02 22:42:38.110 INFO (rank 3): Dataset with name 'Cu_H2O_m2' not found in registry
2025-10-02 22:42:38.110 INFO (rank 0): Dataset with name 'Cu_H2O_m2' not found in registry
2025-10-02 22:42:43.201 DEBUG (rank 3): Autotune iteration with RF parameters GaussianRFConfig(num_random_features=4096, length_scale=4.0, use_offset=True, rng_seed=42)
2025-10-02 22:42:43.202 DEBUG (rank 2): Autotune iteration with RF parameters GaussianRFConfig(num_random_features=4096, length_scale=4.0, use_offset=True, rng_seed=42)
2025-10-02 22:42:43.204 DEBUG (rank 1): Autotune iteration with RF parameters GaussianRFConfig(num_random_features=4096, length_scale=4.0, use_offset=True, rng_seed=42)
2025-10-02 22:42:43.204 DEBUG (rank 0): Autotune iteration with RF parameters GaussianRFConfig(num_random_features=4096, length_scale=4.0, use_offset=True, rng_seed=42)
2025-10-02 22:48:22.541 WARNING (rank 1): `leading_eig` normalization has high memory usage. If you encounter OOM errors try to disable it.
2025-10-02 22:48:28.151 WARNING (rank 2): `leading_eig` normalization has high memory usage. If you encounter OOM errors try to disable it.
2025-10-02 22:48:51.328 WARNING (rank 0): `leading_eig` normalization has high memory usage. If you encounter OOM errors try to disable it.
2025-10-02 22:49:07.782 WARNING (rank 3): `leading_eig` normalization has high memory usage. If you encounter OOM errors try to disable it.
2025-10-02 22:49:08.389 DEBUG (rank 3): Retrieved 4 logs.
2025-10-02 22:49:08.389 DEBUG (rank 2): Retrieved 4 logs.
2025-10-02 22:49:08.389 DEBUG (rank 1): Retrieved 4 logs.
2025-10-02 22:49:08.389 DEBUG (rank 0): Retrieved 4 logs.
2025-10-02 22:49:11.026 DEBUG (rank 0): Identified new best model: <LogEntry hash=6b136834a6d766795231f5fa53757afb, id=1>
2025-10-02 22:49:11.036 DEBUG (rank 0): Saved best model (within-experiment ID=1) to results_multi_potential/case_m2_RF_4096/run_251002_224238_19d8209c/best_ckpt.pt
2025-10-02 22:49:11.037 INFO (rank 0): Trial   1 | rf_type: gaussian | num_random_features:  4096   | length_scale:  4.000  | use_offset:  True   | rng_seed:   42    | Best trial 1 (energy 46.48 meV/atom - forces 34.0 meV/Ang)
2025-10-02 22:49:11.236 DEBUG (rank 3): Autotune iteration with RF parameters GaussianRFConfig(num_random_features=4096, length_scale=6.0, use_offset=True, rng_seed=42)
2025-10-02 22:49:11.237 DEBUG (rank 2): Autotune iteration with RF parameters GaussianRFConfig(num_random_features=4096, length_scale=6.0, use_offset=True, rng_seed=42)
2025-10-02 22:49:11.238 DEBUG (rank 1): Autotune iteration with RF parameters GaussianRFConfig(num_random_features=4096, length_scale=6.0, use_offset=True, rng_seed=42)
2025-10-02 22:49:11.238 DEBUG (rank 0): Autotune iteration with RF parameters GaussianRFConfig(num_random_features=4096, length_scale=6.0, use_offset=True, rng_seed=42)
2025-10-02 22:54:44.202 WARNING (rank 1): `leading_eig` normalization has high memory usage. If you encounter OOM errors try to disable it.
2025-10-02 22:54:51.132 WARNING (rank 2): `leading_eig` normalization has high memory usage. If you encounter OOM errors try to disable it.
2025-10-02 22:55:19.475 WARNING (rank 0): `leading_eig` normalization has high memory usage. If you encounter OOM errors try to disable it.
2025-10-02 22:55:30.164 WARNING (rank 3): `leading_eig` normalization has high memory usage. If you encounter OOM errors try to disable it.
2025-10-02 22:55:30.361 DEBUG (rank 3): Retrieved 4 logs.
2025-10-02 22:55:30.361 DEBUG (rank 2): Retrieved 4 logs.
2025-10-02 22:55:30.361 DEBUG (rank 1): Retrieved 4 logs.
2025-10-02 22:55:30.361 DEBUG (rank 0): Retrieved 4 logs.
2025-10-02 22:55:32.932 DEBUG (rank 0): Identified new best model: <LogEntry hash=1b3d20e2db6d6017f91eaf1a1d0afa1d, id=0>
2025-10-02 22:55:32.940 DEBUG (rank 0): Saved best model (within-experiment ID=0) to results_multi_potential/case_m2_RF_4096/run_251002_224238_19d8209c/best_ckpt.pt
2025-10-02 22:55:32.940 INFO (rank 0): Trial   2 | rf_type: gaussian | num_random_features:  4096   | length_scale:  6.000  | use_offset:  True   | rng_seed:   42    | Best trial 2 (energy 49.77 meV/atom - forces 29.7 meV/Ang)
2025-10-02 22:55:33.143 DEBUG (rank 3): Autotune iteration with RF parameters GaussianRFConfig(num_random_features=4096, length_scale=8.0, use_offset=True, rng_seed=42)
2025-10-02 22:55:33.143 DEBUG (rank 2): Autotune iteration with RF parameters GaussianRFConfig(num_random_features=4096, length_scale=8.0, use_offset=True, rng_seed=42)
2025-10-02 22:55:33.144 DEBUG (rank 1): Autotune iteration with RF parameters GaussianRFConfig(num_random_features=4096, length_scale=8.0, use_offset=True, rng_seed=42)
2025-10-02 22:55:33.145 DEBUG (rank 0): Autotune iteration with RF parameters GaussianRFConfig(num_random_features=4096, length_scale=8.0, use_offset=True, rng_seed=42)
2025-10-02 23:01:06.118 WARNING (rank 1): `leading_eig` normalization has high memory usage. If you encounter OOM errors try to disable it.
2025-10-02 23:01:13.506 WARNING (rank 2): `leading_eig` normalization has high memory usage. If you encounter OOM errors try to disable it.
2025-10-02 23:01:41.643 WARNING (rank 0): `leading_eig` normalization has high memory usage. If you encounter OOM errors try to disable it.
2025-10-02 23:01:51.724 WARNING (rank 3): `leading_eig` normalization has high memory usage. If you encounter OOM errors try to disable it.
2025-10-02 23:01:51.917 DEBUG (rank 3): Retrieved 4 logs.
2025-10-02 23:01:51.917 DEBUG (rank 1): Retrieved 4 logs.
2025-10-02 23:01:51.917 DEBUG (rank 2): Retrieved 4 logs.
2025-10-02 23:01:51.917 DEBUG (rank 0): Retrieved 4 logs.
2025-10-02 23:01:54.494 INFO (rank 0): Trial   3 | rf_type: gaussian | num_random_features:  4096   | length_scale:  8.000  | use_offset:  True   | rng_seed:   42    | Best trial 2 (energy 49.77 meV/atom - forces 29.7 meV/Ang)
2025-10-02 23:01:54.695 DEBUG (rank 3): Autotune iteration with RF parameters GaussianRFConfig(num_random_features=4096, length_scale=10.0, use_offset=True, rng_seed=42)
2025-10-02 23:01:54.696 DEBUG (rank 2): Autotune iteration with RF parameters GaussianRFConfig(num_random_features=4096, length_scale=10.0, use_offset=True, rng_seed=42)
2025-10-02 23:01:54.697 DEBUG (rank 0): Autotune iteration with RF parameters GaussianRFConfig(num_random_features=4096, length_scale=10.0, use_offset=True, rng_seed=42)
2025-10-02 23:01:54.698 DEBUG (rank 1): Autotune iteration with RF parameters GaussianRFConfig(num_random_features=4096, length_scale=10.0, use_offset=True, rng_seed=42)
2025-10-02 23:07:27.655 WARNING (rank 1): `leading_eig` normalization has high memory usage. If you encounter OOM errors try to disable it.
2025-10-02 23:07:34.496 WARNING (rank 2): `leading_eig` normalization has high memory usage. If you encounter OOM errors try to disable it.
2025-10-02 23:08:02.949 WARNING (rank 0): `leading_eig` normalization has high memory usage. If you encounter OOM errors try to disable it.
2025-10-02 23:08:13.230 WARNING (rank 3): `leading_eig` normalization has high memory usage. If you encounter OOM errors try to disable it.
2025-10-02 23:08:13.430 DEBUG (rank 3): Retrieved 4 logs.
2025-10-02 23:08:13.430 DEBUG (rank 1): Retrieved 4 logs.
2025-10-02 23:08:13.430 DEBUG (rank 2): Retrieved 4 logs.
2025-10-02 23:08:13.430 DEBUG (rank 0): Retrieved 4 logs.
2025-10-02 23:08:16.013 INFO (rank 0): Trial   4 | rf_type: gaussian | num_random_features:  4096   | length_scale: 10.000  | use_offset:  True   | rng_seed:   42    | Best trial 2 (energy 49.77 meV/atom - forces 29.7 meV/Ang)
