2025-10-02 19:57:53.568 DEBUG (rank 0): console_logging_level: INFO
dtype: float64
jac_chunk_size: 8
rf_normalization: leading_eig
run_dir: ./results_multi_potential/case_m15_RF_4096
save_every_model: False
save_fmaps: False
scale_by_species: True
seed: 42
backbone:
    family: mace
    interaction_block: 2
    path_or_id: MACE-L0
dataset:
    max_train_samples: null
    name: Cu_H2O_m15
    test_path: null
    train_path: Dataset/Train_m15_union_with_head.xyz
    val_path: Dataset/Valid_m15_union_with_head.xyz
rfs:
    length_scale:
      num: 4
      scale: linear
      start: 4.0
      stop: 10.0
      value: null
      values: null
    num_random_features: 4096
    rf_type: gaussian
    rng_seed: 42
    use_offset: true
solver:
    force_weight:
      num: 2
      scale: linear
      start: 0.5
      stop: 0.9
      value: null
      values: null
    l2_penalty:
      num: 2
      scale: log
      start: -10
      stop: -7
      value: null
      values: null

2025-10-02 19:57:53.569 INFO (rank 0): Initializing default cache directory at /leonardo/home/userexternal/mbianchi/.franken
2025-10-02 19:57:53.585 INFO (rank 2): Initializing default cache directory at /leonardo/home/userexternal/mbianchi/.franken
2025-10-02 19:57:53.585 INFO (rank 1): Initializing default cache directory at /leonardo/home/userexternal/mbianchi/.franken
2025-10-02 19:57:53.585 INFO (rank 3): Initializing default cache directory at /leonardo/home/userexternal/mbianchi/.franken
2025-10-02 19:57:53.586 INFO (rank 0): Run folder: results_multi_potential/case_m15_RF_4096/run_251002_195753_e40ea706
2025-10-02 19:57:53.587 INFO (rank 2): Dataset with name 'Cu_H2O_m15' not found in registry
2025-10-02 19:57:53.587 INFO (rank 3): Dataset with name 'Cu_H2O_m15' not found in registry
2025-10-02 19:57:53.587 INFO (rank 1): Dataset with name 'Cu_H2O_m15' not found in registry
2025-10-02 19:57:53.587 INFO (rank 0): Dataset with name 'Cu_H2O_m15' not found in registry
2025-10-02 19:57:58.793 DEBUG (rank 2): Autotune iteration with RF parameters GaussianRFConfig(num_random_features=4096, length_scale=4.0, use_offset=True, rng_seed=42)
2025-10-02 19:57:58.794 DEBUG (rank 3): Autotune iteration with RF parameters GaussianRFConfig(num_random_features=4096, length_scale=4.0, use_offset=True, rng_seed=42)
2025-10-02 19:57:58.795 DEBUG (rank 1): Autotune iteration with RF parameters GaussianRFConfig(num_random_features=4096, length_scale=4.0, use_offset=True, rng_seed=42)
2025-10-02 19:57:58.797 DEBUG (rank 0): Autotune iteration with RF parameters GaussianRFConfig(num_random_features=4096, length_scale=4.0, use_offset=True, rng_seed=42)
2025-10-02 20:03:32.523 WARNING (rank 3): `leading_eig` normalization has high memory usage. If you encounter OOM errors try to disable it.
2025-10-02 20:03:51.712 WARNING (rank 1): `leading_eig` normalization has high memory usage. If you encounter OOM errors try to disable it.
2025-10-02 20:03:59.913 WARNING (rank 2): `leading_eig` normalization has high memory usage. If you encounter OOM errors try to disable it.
2025-10-02 20:05:19.425 WARNING (rank 0): `leading_eig` normalization has high memory usage. If you encounter OOM errors try to disable it.
2025-10-02 20:05:20.005 DEBUG (rank 1): Retrieved 4 logs.
2025-10-02 20:05:20.005 DEBUG (rank 3): Retrieved 4 logs.
2025-10-02 20:05:20.005 DEBUG (rank 0): Retrieved 4 logs.
2025-10-02 20:05:20.005 DEBUG (rank 2): Retrieved 4 logs.
2025-10-02 20:05:22.791 DEBUG (rank 0): Identified new best model: <LogEntry hash=6b136834a6d766795231f5fa53757afb, id=1>
2025-10-02 20:05:22.800 DEBUG (rank 0): Saved best model (within-experiment ID=1) to results_multi_potential/case_m15_RF_4096/run_251002_195753_e40ea706/best_ckpt.pt
2025-10-02 20:05:22.801 INFO (rank 0): Trial   1 | rf_type: gaussian | num_random_features:  4096   | length_scale:  4.000  | use_offset:  True   | rng_seed:   42    | Best trial 1 (energy 36.91 meV/atom - forces 37.6 meV/Ang)
2025-10-02 20:05:22.988 DEBUG (rank 1): Autotune iteration with RF parameters GaussianRFConfig(num_random_features=4096, length_scale=6.0, use_offset=True, rng_seed=42)
2025-10-02 20:05:22.990 DEBUG (rank 3): Autotune iteration with RF parameters GaussianRFConfig(num_random_features=4096, length_scale=6.0, use_offset=True, rng_seed=42)
2025-10-02 20:05:22.991 DEBUG (rank 0): Autotune iteration with RF parameters GaussianRFConfig(num_random_features=4096, length_scale=6.0, use_offset=True, rng_seed=42)
2025-10-02 20:05:22.991 DEBUG (rank 2): Autotune iteration with RF parameters GaussianRFConfig(num_random_features=4096, length_scale=6.0, use_offset=True, rng_seed=42)
2025-10-02 20:10:48.990 WARNING (rank 3): `leading_eig` normalization has high memory usage. If you encounter OOM errors try to disable it.
2025-10-02 20:11:09.777 WARNING (rank 1): `leading_eig` normalization has high memory usage. If you encounter OOM errors try to disable it.
2025-10-02 20:11:19.363 WARNING (rank 2): `leading_eig` normalization has high memory usage. If you encounter OOM errors try to disable it.
2025-10-02 20:12:37.969 WARNING (rank 0): `leading_eig` normalization has high memory usage. If you encounter OOM errors try to disable it.
2025-10-02 20:12:38.155 DEBUG (rank 0): Retrieved 4 logs.
2025-10-02 20:12:38.155 DEBUG (rank 1): Retrieved 4 logs.
2025-10-02 20:12:38.155 DEBUG (rank 2): Retrieved 4 logs.
2025-10-02 20:12:38.155 DEBUG (rank 3): Retrieved 4 logs.
2025-10-02 20:12:40.879 DEBUG (rank 0): Identified new best model: <LogEntry hash=1b3d20e2db6d6017f91eaf1a1d0afa1d, id=1>
2025-10-02 20:12:40.888 DEBUG (rank 0): Saved best model (within-experiment ID=1) to results_multi_potential/case_m15_RF_4096/run_251002_195753_e40ea706/best_ckpt.pt
2025-10-02 20:12:40.889 INFO (rank 0): Trial   2 | rf_type: gaussian | num_random_features:  4096   | length_scale:  6.000  | use_offset:  True   | rng_seed:   42    | Best trial 2 (energy 44.12 meV/atom - forces 28.3 meV/Ang)
2025-10-02 20:12:41.079 DEBUG (rank 1): Autotune iteration with RF parameters GaussianRFConfig(num_random_features=4096, length_scale=8.0, use_offset=True, rng_seed=42)
2025-10-02 20:12:41.083 DEBUG (rank 3): Autotune iteration with RF parameters GaussianRFConfig(num_random_features=4096, length_scale=8.0, use_offset=True, rng_seed=42)
2025-10-02 20:12:41.081 DEBUG (rank 0): Autotune iteration with RF parameters GaussianRFConfig(num_random_features=4096, length_scale=8.0, use_offset=True, rng_seed=42)
2025-10-02 20:12:41.081 DEBUG (rank 2): Autotune iteration with RF parameters GaussianRFConfig(num_random_features=4096, length_scale=8.0, use_offset=True, rng_seed=42)
2025-10-02 20:18:07.672 WARNING (rank 3): `leading_eig` normalization has high memory usage. If you encounter OOM errors try to disable it.
2025-10-02 20:18:27.538 WARNING (rank 1): `leading_eig` normalization has high memory usage. If you encounter OOM errors try to disable it.
2025-10-02 20:18:38.011 WARNING (rank 2): `leading_eig` normalization has high memory usage. If you encounter OOM errors try to disable it.
2025-10-02 20:19:56.283 WARNING (rank 0): `leading_eig` normalization has high memory usage. If you encounter OOM errors try to disable it.
2025-10-02 20:19:56.464 DEBUG (rank 0): Retrieved 4 logs.
2025-10-02 20:19:56.464 DEBUG (rank 2): Retrieved 4 logs.
2025-10-02 20:19:56.464 DEBUG (rank 1): Retrieved 4 logs.
2025-10-02 20:19:56.464 DEBUG (rank 3): Retrieved 4 logs.
2025-10-02 20:19:59.424 INFO (rank 0): Trial   3 | rf_type: gaussian | num_random_features:  4096   | length_scale:  8.000  | use_offset:  True   | rng_seed:   42    | Best trial 2 (energy 44.12 meV/atom - forces 28.3 meV/Ang)
2025-10-02 20:19:59.612 DEBUG (rank 1): Autotune iteration with RF parameters GaussianRFConfig(num_random_features=4096, length_scale=10.0, use_offset=True, rng_seed=42)
2025-10-02 20:19:59.616 DEBUG (rank 3): Autotune iteration with RF parameters GaussianRFConfig(num_random_features=4096, length_scale=10.0, use_offset=True, rng_seed=42)
2025-10-02 20:19:59.617 DEBUG (rank 2): Autotune iteration with RF parameters GaussianRFConfig(num_random_features=4096, length_scale=10.0, use_offset=True, rng_seed=42)
2025-10-02 20:19:59.617 DEBUG (rank 0): Autotune iteration with RF parameters GaussianRFConfig(num_random_features=4096, length_scale=10.0, use_offset=True, rng_seed=42)
2025-10-02 20:25:25.511 WARNING (rank 3): `leading_eig` normalization has high memory usage. If you encounter OOM errors try to disable it.
2025-10-02 20:25:46.426 WARNING (rank 1): `leading_eig` normalization has high memory usage. If you encounter OOM errors try to disable it.
2025-10-02 20:25:58.594 WARNING (rank 2): `leading_eig` normalization has high memory usage. If you encounter OOM errors try to disable it.
2025-10-02 20:27:14.706 WARNING (rank 0): `leading_eig` normalization has high memory usage. If you encounter OOM errors try to disable it.
2025-10-02 20:27:14.891 DEBUG (rank 0): Retrieved 4 logs.
2025-10-02 20:27:14.891 DEBUG (rank 1): Retrieved 4 logs.
2025-10-02 20:27:14.891 DEBUG (rank 2): Retrieved 4 logs.
2025-10-02 20:27:14.891 DEBUG (rank 3): Retrieved 4 logs.
2025-10-02 20:27:17.619 INFO (rank 0): Trial   4 | rf_type: gaussian | num_random_features:  4096   | length_scale: 10.000  | use_offset:  True   | rng_seed:   42    | Best trial 2 (energy 44.12 meV/atom - forces 28.3 meV/Ang)
