2025-10-02 16:47:49.857 DEBUG (rank 0): console_logging_level: INFO
dtype: float64
jac_chunk_size: 8
rf_normalization: leading_eig
run_dir: ./results_multi_potential/case_m1_RF_2048
save_every_model: False
save_fmaps: False
scale_by_species: True
seed: 42
backbone:
    family: mace
    interaction_block: 2
    path_or_id: MACE-L0
dataset:
    max_train_samples: null
    name: Cu_H2O_m1
    test_path: null
    train_path: Dataset/Train_m1_union_with_head.xyz
    val_path: Dataset/Valid_m1_union_with_head.xyz
rfs:
    length_scale:
      num: 4
      scale: linear
      start: 4.0
      stop: 10.0
      value: null
      values: null
    num_random_features: 2048
    rf_type: gaussian
    rng_seed: 42
    use_offset: true
solver:
    force_weight:
      num: 2
      scale: linear
      start: 0.5
      stop: 0.9
      value: null
      values: null
    l2_penalty:
      num: 2
      scale: log
      start: -10
      stop: -7
      value: null
      values: null

2025-10-02 16:47:49.858 INFO (rank 0): Initializing default cache directory at /leonardo/home/userexternal/mbianchi/.franken
2025-10-02 16:47:49.873 INFO (rank 1): Initializing default cache directory at /leonardo/home/userexternal/mbianchi/.franken
2025-10-02 16:47:49.873 INFO (rank 2): Initializing default cache directory at /leonardo/home/userexternal/mbianchi/.franken
2025-10-02 16:47:49.874 INFO (rank 3): Initializing default cache directory at /leonardo/home/userexternal/mbianchi/.franken
2025-10-02 16:47:49.876 INFO (rank 0): Run folder: results_multi_potential/case_m1_RF_2048/run_251002_164749_944ef324
2025-10-02 16:47:49.876 INFO (rank 0): Dataset with name 'Cu_H2O_m1' not found in registry
2025-10-02 16:47:49.876 INFO (rank 2): Dataset with name 'Cu_H2O_m1' not found in registry
2025-10-02 16:47:49.876 INFO (rank 1): Dataset with name 'Cu_H2O_m1' not found in registry
2025-10-02 16:47:49.876 INFO (rank 3): Dataset with name 'Cu_H2O_m1' not found in registry
2025-10-02 16:47:55.223 DEBUG (rank 0): Autotune iteration with RF parameters GaussianRFConfig(num_random_features=2048, length_scale=4.0, use_offset=True, rng_seed=42)
2025-10-02 16:47:55.232 DEBUG (rank 2): Autotune iteration with RF parameters GaussianRFConfig(num_random_features=2048, length_scale=4.0, use_offset=True, rng_seed=42)
2025-10-02 16:47:55.235 DEBUG (rank 1): Autotune iteration with RF parameters GaussianRFConfig(num_random_features=2048, length_scale=4.0, use_offset=True, rng_seed=42)
2025-10-02 16:47:55.236 DEBUG (rank 3): Autotune iteration with RF parameters GaussianRFConfig(num_random_features=2048, length_scale=4.0, use_offset=True, rng_seed=42)
2025-10-02 16:54:02.976 WARNING (rank 3): `leading_eig` normalization has high memory usage. If you encounter OOM errors try to disable it.
2025-10-02 16:54:11.185 WARNING (rank 2): `leading_eig` normalization has high memory usage. If you encounter OOM errors try to disable it.
2025-10-02 16:54:15.142 WARNING (rank 1): `leading_eig` normalization has high memory usage. If you encounter OOM errors try to disable it.
2025-10-02 16:54:25.292 WARNING (rank 0): `leading_eig` normalization has high memory usage. If you encounter OOM errors try to disable it.
2025-10-02 16:54:25.768 DEBUG (rank 0): Retrieved 4 logs.
2025-10-02 16:54:25.768 DEBUG (rank 2): Retrieved 4 logs.
2025-10-02 16:54:25.768 DEBUG (rank 1): Retrieved 4 logs.
2025-10-02 16:54:25.768 DEBUG (rank 3): Retrieved 4 logs.
2025-10-02 16:54:28.505 DEBUG (rank 0): Identified new best model: <LogEntry hash=c08dfef369a2ef5aee5bf00f30448011, id=1>
2025-10-02 16:54:28.511 DEBUG (rank 0): Saved best model (within-experiment ID=1) to results_multi_potential/case_m1_RF_2048/run_251002_164749_944ef324/best_ckpt.pt
2025-10-02 16:54:28.512 INFO (rank 0): Trial   1 | rf_type: gaussian | num_random_features:  2048   | length_scale:  4.000  | use_offset:  True   | rng_seed:   42    | Best trial 1 (energy 69.46 meV/atom - forces 30.5 meV/Ang)
2025-10-02 16:54:28.694 DEBUG (rank 2): Autotune iteration with RF parameters GaussianRFConfig(num_random_features=2048, length_scale=6.0, use_offset=True, rng_seed=42)
2025-10-02 16:54:28.713 DEBUG (rank 1): Autotune iteration with RF parameters GaussianRFConfig(num_random_features=2048, length_scale=6.0, use_offset=True, rng_seed=42)
2025-10-02 16:54:28.714 DEBUG (rank 0): Autotune iteration with RF parameters GaussianRFConfig(num_random_features=2048, length_scale=6.0, use_offset=True, rng_seed=42)
2025-10-02 16:54:28.714 DEBUG (rank 3): Autotune iteration with RF parameters GaussianRFConfig(num_random_features=2048, length_scale=6.0, use_offset=True, rng_seed=42)
2025-10-02 17:00:36.312 WARNING (rank 3): `leading_eig` normalization has high memory usage. If you encounter OOM errors try to disable it.
2025-10-02 17:00:40.643 WARNING (rank 2): `leading_eig` normalization has high memory usage. If you encounter OOM errors try to disable it.
2025-10-02 17:00:42.109 WARNING (rank 1): `leading_eig` normalization has high memory usage. If you encounter OOM errors try to disable it.
2025-10-02 17:00:54.554 WARNING (rank 0): `leading_eig` normalization has high memory usage. If you encounter OOM errors try to disable it.
2025-10-02 17:00:54.614 DEBUG (rank 2): Retrieved 4 logs.
2025-10-02 17:00:54.614 DEBUG (rank 1): Retrieved 4 logs.
2025-10-02 17:00:54.614 DEBUG (rank 3): Retrieved 4 logs.
2025-10-02 17:00:54.614 DEBUG (rank 0): Retrieved 4 logs.
2025-10-02 17:00:57.279 DEBUG (rank 0): Identified new best model: <LogEntry hash=3838714f087ca04b44470545eb260ffd, id=0>
2025-10-02 17:00:57.285 DEBUG (rank 0): Saved best model (within-experiment ID=0) to results_multi_potential/case_m1_RF_2048/run_251002_164749_944ef324/best_ckpt.pt
2025-10-02 17:00:57.286 INFO (rank 0): Trial   2 | rf_type: gaussian | num_random_features:  2048   | length_scale:  6.000  | use_offset:  True   | rng_seed:   42    | Best trial 2 (energy 72.70 meV/atom - forces 26.8 meV/Ang)
2025-10-02 17:00:57.489 DEBUG (rank 2): Autotune iteration with RF parameters GaussianRFConfig(num_random_features=2048, length_scale=8.0, use_offset=True, rng_seed=42)
2025-10-02 17:00:57.489 DEBUG (rank 1): Autotune iteration with RF parameters GaussianRFConfig(num_random_features=2048, length_scale=8.0, use_offset=True, rng_seed=42)
2025-10-02 17:00:57.490 DEBUG (rank 0): Autotune iteration with RF parameters GaussianRFConfig(num_random_features=2048, length_scale=8.0, use_offset=True, rng_seed=42)
2025-10-02 17:00:57.490 DEBUG (rank 3): Autotune iteration with RF parameters GaussianRFConfig(num_random_features=2048, length_scale=8.0, use_offset=True, rng_seed=42)
2025-10-02 17:07:04.407 WARNING (rank 3): `leading_eig` normalization has high memory usage. If you encounter OOM errors try to disable it.
2025-10-02 17:07:09.640 WARNING (rank 2): `leading_eig` normalization has high memory usage. If you encounter OOM errors try to disable it.
2025-10-02 17:07:11.501 WARNING (rank 1): `leading_eig` normalization has high memory usage. If you encounter OOM errors try to disable it.
2025-10-02 17:07:20.515 WARNING (rank 0): `leading_eig` normalization has high memory usage. If you encounter OOM errors try to disable it.
2025-10-02 17:07:20.576 DEBUG (rank 2): Retrieved 4 logs.
2025-10-02 17:07:20.576 DEBUG (rank 1): Retrieved 4 logs.
2025-10-02 17:07:20.576 DEBUG (rank 0): Retrieved 4 logs.
2025-10-02 17:07:20.576 DEBUG (rank 3): Retrieved 4 logs.
2025-10-02 17:07:23.241 INFO (rank 0): Trial   3 | rf_type: gaussian | num_random_features:  2048   | length_scale:  8.000  | use_offset:  True   | rng_seed:   42    | Best trial 2 (energy 72.70 meV/atom - forces 26.8 meV/Ang)
2025-10-02 17:07:23.445 DEBUG (rank 2): Autotune iteration with RF parameters GaussianRFConfig(num_random_features=2048, length_scale=10.0, use_offset=True, rng_seed=42)
2025-10-02 17:07:23.446 DEBUG (rank 1): Autotune iteration with RF parameters GaussianRFConfig(num_random_features=2048, length_scale=10.0, use_offset=True, rng_seed=42)
2025-10-02 17:07:23.446 DEBUG (rank 0): Autotune iteration with RF parameters GaussianRFConfig(num_random_features=2048, length_scale=10.0, use_offset=True, rng_seed=42)
2025-10-02 17:07:23.446 DEBUG (rank 3): Autotune iteration with RF parameters GaussianRFConfig(num_random_features=2048, length_scale=10.0, use_offset=True, rng_seed=42)
2025-10-02 17:13:30.264 WARNING (rank 3): `leading_eig` normalization has high memory usage. If you encounter OOM errors try to disable it.
2025-10-02 17:13:34.778 WARNING (rank 2): `leading_eig` normalization has high memory usage. If you encounter OOM errors try to disable it.
2025-10-02 17:13:36.526 WARNING (rank 1): `leading_eig` normalization has high memory usage. If you encounter OOM errors try to disable it.
2025-10-02 17:13:46.326 WARNING (rank 0): `leading_eig` normalization has high memory usage. If you encounter OOM errors try to disable it.
2025-10-02 17:13:46.386 DEBUG (rank 1): Retrieved 4 logs.
2025-10-02 17:13:46.386 DEBUG (rank 2): Retrieved 4 logs.
2025-10-02 17:13:46.386 DEBUG (rank 0): Retrieved 4 logs.
2025-10-02 17:13:46.386 DEBUG (rank 3): Retrieved 4 logs.
2025-10-02 17:13:49.050 INFO (rank 0): Trial   4 | rf_type: gaussian | num_random_features:  2048   | length_scale: 10.000  | use_offset:  True   | rng_seed:   42    | Best trial 2 (energy 72.70 meV/atom - forces 26.8 meV/Ang)
