2025-10-03 10:59:24.571 DEBUG (rank 0): console_logging_level: INFO
dtype: float64
jac_chunk_size: 8
rf_normalization: leading_eig
run_dir: ./results_multi_potential/case_m05_RF_1024
save_every_model: False
save_fmaps: False
scale_by_species: True
seed: 42
backbone:
    family: mace
    interaction_block: 2
    path_or_id: MACE-L0
dataset:
    max_train_samples: null
    name: Cu_H2O_m05
    test_path: null
    train_path: Dataset/Train_m05_union_with_head.xyz
    val_path: Dataset/Valid_m05_union_with_head.xyz
rfs:
    length_scale:
      num: 4
      scale: linear
      start: 4.0
      stop: 10.0
      value: null
      values: null
    num_random_features: 1024
    rf_type: gaussian
    rng_seed: 42
    use_offset: true
solver:
    force_weight:
      num: 2
      scale: linear
      start: 0.5
      stop: 0.9
      value: null
      values: null
    l2_penalty:
      num: 2
      scale: log
      start: -10
      stop: -7
      value: null
      values: null

2025-10-03 10:59:24.571 INFO (rank 0): Initializing default cache directory at /leonardo/home/userexternal/mbianchi/.franken
2025-10-03 10:59:24.588 INFO (rank 0): Run folder: results_multi_potential/case_m05_RF_1024/run_251003_105924_cb8c8248
2025-10-03 10:59:24.608 INFO (rank 2): Initializing default cache directory at /leonardo/home/userexternal/mbianchi/.franken
2025-10-03 10:59:24.608 INFO (rank 1): Initializing default cache directory at /leonardo/home/userexternal/mbianchi/.franken
2025-10-03 10:59:24.608 INFO (rank 3): Initializing default cache directory at /leonardo/home/userexternal/mbianchi/.franken
2025-10-03 10:59:24.608 INFO (rank 2): Dataset with name 'Cu_H2O_m05' not found in registry
2025-10-03 10:59:24.608 INFO (rank 1): Dataset with name 'Cu_H2O_m05' not found in registry
2025-10-03 10:59:24.608 INFO (rank 0): Dataset with name 'Cu_H2O_m05' not found in registry
2025-10-03 10:59:24.608 INFO (rank 3): Dataset with name 'Cu_H2O_m05' not found in registry
2025-10-03 10:59:32.541 DEBUG (rank 2): Autotune iteration with RF parameters GaussianRFConfig(num_random_features=1024, length_scale=4.0, use_offset=True, rng_seed=42)
2025-10-03 10:59:32.541 DEBUG (rank 3): Autotune iteration with RF parameters GaussianRFConfig(num_random_features=1024, length_scale=4.0, use_offset=True, rng_seed=42)
2025-10-03 10:59:32.542 DEBUG (rank 1): Autotune iteration with RF parameters GaussianRFConfig(num_random_features=1024, length_scale=4.0, use_offset=True, rng_seed=42)
2025-10-03 10:59:32.546 DEBUG (rank 0): Autotune iteration with RF parameters GaussianRFConfig(num_random_features=1024, length_scale=4.0, use_offset=True, rng_seed=42)
2025-10-03 11:05:44.046 WARNING (rank 2): `leading_eig` normalization has high memory usage. If you encounter OOM errors try to disable it.
2025-10-03 11:05:44.052 WARNING (rank 3): `leading_eig` normalization has high memory usage. If you encounter OOM errors try to disable it.
2025-10-03 11:05:49.780 WARNING (rank 0): `leading_eig` normalization has high memory usage. If you encounter OOM errors try to disable it.
2025-10-03 11:05:52.009 WARNING (rank 1): `leading_eig` normalization has high memory usage. If you encounter OOM errors try to disable it.
2025-10-03 11:05:52.895 DEBUG (rank 2): Retrieved 4 logs.
2025-10-03 11:05:52.895 DEBUG (rank 3): Retrieved 4 logs.
2025-10-03 11:05:52.895 DEBUG (rank 1): Retrieved 4 logs.
2025-10-03 11:05:52.895 DEBUG (rank 0): Retrieved 4 logs.
2025-10-03 11:05:55.675 DEBUG (rank 0): Identified new best model: <LogEntry hash=aac870cc816a8a11e9ab336e04b5f859, id=2>
2025-10-03 11:05:55.681 DEBUG (rank 0): Saved best model (within-experiment ID=2) to results_multi_potential/case_m05_RF_1024/run_251003_105924_cb8c8248/best_ckpt.pt
2025-10-03 11:05:55.682 INFO (rank 0): Trial   1 | rf_type: gaussian | num_random_features:  1024   | length_scale:  4.000  | use_offset:  True   | rng_seed:   42    | Best trial 1 (energy 44.26 meV/atom - forces 28.0 meV/Ang)
2025-10-03 11:05:55.871 DEBUG (rank 1): Autotune iteration with RF parameters GaussianRFConfig(num_random_features=1024, length_scale=6.0, use_offset=True, rng_seed=42)
2025-10-03 11:05:55.874 DEBUG (rank 3): Autotune iteration with RF parameters GaussianRFConfig(num_random_features=1024, length_scale=6.0, use_offset=True, rng_seed=42)
2025-10-03 11:05:55.875 DEBUG (rank 2): Autotune iteration with RF parameters GaussianRFConfig(num_random_features=1024, length_scale=6.0, use_offset=True, rng_seed=42)
2025-10-03 11:05:55.880 DEBUG (rank 0): Autotune iteration with RF parameters GaussianRFConfig(num_random_features=1024, length_scale=6.0, use_offset=True, rng_seed=42)
2025-10-03 11:11:57.398 WARNING (rank 3): `leading_eig` normalization has high memory usage. If you encounter OOM errors try to disable it.
2025-10-03 11:11:58.068 WARNING (rank 2): `leading_eig` normalization has high memory usage. If you encounter OOM errors try to disable it.
2025-10-03 11:12:08.565 WARNING (rank 1): `leading_eig` normalization has high memory usage. If you encounter OOM errors try to disable it.
2025-10-03 11:12:10.023 WARNING (rank 0): `leading_eig` normalization has high memory usage. If you encounter OOM errors try to disable it.
2025-10-03 11:12:10.049 DEBUG (rank 1): Retrieved 4 logs.
2025-10-03 11:12:10.049 DEBUG (rank 2): Retrieved 4 logs.
2025-10-03 11:12:10.049 DEBUG (rank 0): Retrieved 4 logs.
2025-10-03 11:12:10.049 DEBUG (rank 3): Retrieved 4 logs.
2025-10-03 11:12:12.801 DEBUG (rank 0): Identified new best model: <LogEntry hash=6540f1dafd2f5137ce08020a4aac1df1, id=1>
2025-10-03 11:12:13.009 DEBUG (rank 0): Saved best model (within-experiment ID=1) to results_multi_potential/case_m05_RF_1024/run_251003_105924_cb8c8248/best_ckpt.pt
2025-10-03 11:12:13.064 INFO (rank 0): Trial   2 | rf_type: gaussian | num_random_features:  1024   | length_scale:  6.000  | use_offset:  True   | rng_seed:   42    | Best trial 2 (energy 42.61 meV/atom - forces 28.3 meV/Ang)
2025-10-03 11:12:13.200 DEBUG (rank 1): Autotune iteration with RF parameters GaussianRFConfig(num_random_features=1024, length_scale=8.0, use_offset=True, rng_seed=42)
2025-10-03 11:12:13.200 DEBUG (rank 2): Autotune iteration with RF parameters GaussianRFConfig(num_random_features=1024, length_scale=8.0, use_offset=True, rng_seed=42)
2025-10-03 11:12:13.200 DEBUG (rank 3): Autotune iteration with RF parameters GaussianRFConfig(num_random_features=1024, length_scale=8.0, use_offset=True, rng_seed=42)
2025-10-03 11:12:13.238 DEBUG (rank 0): Autotune iteration with RF parameters GaussianRFConfig(num_random_features=1024, length_scale=8.0, use_offset=True, rng_seed=42)
2025-10-03 11:18:14.897 WARNING (rank 3): `leading_eig` normalization has high memory usage. If you encounter OOM errors try to disable it.
2025-10-03 11:18:15.819 WARNING (rank 2): `leading_eig` normalization has high memory usage. If you encounter OOM errors try to disable it.
2025-10-03 11:18:26.262 WARNING (rank 1): `leading_eig` normalization has high memory usage. If you encounter OOM errors try to disable it.
2025-10-03 11:18:27.303 WARNING (rank 0): `leading_eig` normalization has high memory usage. If you encounter OOM errors try to disable it.
2025-10-03 11:18:27.330 DEBUG (rank 2): Retrieved 4 logs.
2025-10-03 11:18:27.330 DEBUG (rank 1): Retrieved 4 logs.
2025-10-03 11:18:27.330 DEBUG (rank 0): Retrieved 4 logs.
2025-10-03 11:18:27.330 DEBUG (rank 3): Retrieved 4 logs.
2025-10-03 11:18:30.087 DEBUG (rank 0): Identified new best model: <LogEntry hash=fbf4e2fc3cac011e9c0687872e3a48fa, id=0>
2025-10-03 11:18:30.294 DEBUG (rank 0): Saved best model (within-experiment ID=0) to results_multi_potential/case_m05_RF_1024/run_251003_105924_cb8c8248/best_ckpt.pt
2025-10-03 11:18:30.340 INFO (rank 0): Trial   3 | rf_type: gaussian | num_random_features:  1024   | length_scale:  8.000  | use_offset:  True   | rng_seed:   42    | Best trial 3 (energy 43.38 meV/atom - forces 27.2 meV/Ang)
2025-10-03 11:18:30.485 DEBUG (rank 3): Autotune iteration with RF parameters GaussianRFConfig(num_random_features=1024, length_scale=10.0, use_offset=True, rng_seed=42)
2025-10-03 11:18:30.485 DEBUG (rank 2): Autotune iteration with RF parameters GaussianRFConfig(num_random_features=1024, length_scale=10.0, use_offset=True, rng_seed=42)
2025-10-03 11:18:30.484 DEBUG (rank 1): Autotune iteration with RF parameters GaussianRFConfig(num_random_features=1024, length_scale=10.0, use_offset=True, rng_seed=42)
2025-10-03 11:18:30.516 DEBUG (rank 0): Autotune iteration with RF parameters GaussianRFConfig(num_random_features=1024, length_scale=10.0, use_offset=True, rng_seed=42)
2025-10-03 11:24:32.158 WARNING (rank 3): `leading_eig` normalization has high memory usage. If you encounter OOM errors try to disable it.
2025-10-03 11:24:32.685 WARNING (rank 2): `leading_eig` normalization has high memory usage. If you encounter OOM errors try to disable it.
2025-10-03 11:24:43.333 WARNING (rank 1): `leading_eig` normalization has high memory usage. If you encounter OOM errors try to disable it.
2025-10-03 11:24:45.398 WARNING (rank 0): `leading_eig` normalization has high memory usage. If you encounter OOM errors try to disable it.
2025-10-03 11:24:45.424 DEBUG (rank 2): Retrieved 4 logs.
2025-10-03 11:24:45.424 DEBUG (rank 1): Retrieved 4 logs.
2025-10-03 11:24:45.424 DEBUG (rank 3): Retrieved 4 logs.
2025-10-03 11:24:45.424 DEBUG (rank 0): Retrieved 4 logs.
2025-10-03 11:24:48.046 INFO (rank 0): Trial   4 | rf_type: gaussian | num_random_features:  1024   | length_scale: 10.000  | use_offset:  True   | rng_seed:   42    | Best trial 3 (energy 43.38 meV/atom - forces 27.2 meV/Ang)
