2025-10-02 20:57:10.346 DEBUG (rank 0): console_logging_level: INFO
dtype: float64
jac_chunk_size: 8
rf_normalization: leading_eig
run_dir: ./results_multi_potential/case_m175_RF_2048
save_every_model: False
save_fmaps: False
scale_by_species: True
seed: 42
backbone:
    family: mace
    interaction_block: 2
    path_or_id: MACE-L0
dataset:
    max_train_samples: null
    name: Cu_H2O_m175
    test_path: null
    train_path: Dataset/Train_m175_union_with_head.xyz
    val_path: Dataset/Valid_m175_union_with_head.xyz
rfs:
    length_scale:
      num: 4
      scale: linear
      start: 4.0
      stop: 10.0
      value: null
      values: null
    num_random_features: 2048
    rf_type: gaussian
    rng_seed: 42
    use_offset: true
solver:
    force_weight:
      num: 2
      scale: linear
      start: 0.5
      stop: 0.9
      value: null
      values: null
    l2_penalty:
      num: 2
      scale: log
      start: -10
      stop: -7
      value: null
      values: null

2025-10-02 20:57:10.347 INFO (rank 0): Initializing default cache directory at /leonardo/home/userexternal/mbianchi/.franken
2025-10-02 20:57:10.352 INFO (rank 0): Run folder: results_multi_potential/case_m175_RF_2048/run_251002_205710_b5642048
2025-10-02 20:57:10.363 INFO (rank 2): Initializing default cache directory at /leonardo/home/userexternal/mbianchi/.franken
2025-10-02 20:57:10.363 INFO (rank 3): Initializing default cache directory at /leonardo/home/userexternal/mbianchi/.franken
2025-10-02 20:57:10.364 INFO (rank 1): Initializing default cache directory at /leonardo/home/userexternal/mbianchi/.franken
2025-10-02 20:57:10.364 INFO (rank 0): Dataset with name 'Cu_H2O_m175' not found in registry
2025-10-02 20:57:10.364 INFO (rank 2): Dataset with name 'Cu_H2O_m175' not found in registry
2025-10-02 20:57:10.364 INFO (rank 3): Dataset with name 'Cu_H2O_m175' not found in registry
2025-10-02 20:57:10.364 INFO (rank 1): Dataset with name 'Cu_H2O_m175' not found in registry
2025-10-02 20:57:15.657 DEBUG (rank 0): Autotune iteration with RF parameters GaussianRFConfig(num_random_features=2048, length_scale=4.0, use_offset=True, rng_seed=42)
2025-10-02 20:57:15.668 DEBUG (rank 3): Autotune iteration with RF parameters GaussianRFConfig(num_random_features=2048, length_scale=4.0, use_offset=True, rng_seed=42)
2025-10-02 20:57:15.668 DEBUG (rank 1): Autotune iteration with RF parameters GaussianRFConfig(num_random_features=2048, length_scale=4.0, use_offset=True, rng_seed=42)
2025-10-02 20:57:15.668 DEBUG (rank 2): Autotune iteration with RF parameters GaussianRFConfig(num_random_features=2048, length_scale=4.0, use_offset=True, rng_seed=42)
2025-10-02 21:03:21.734 WARNING (rank 2): `leading_eig` normalization has high memory usage. If you encounter OOM errors try to disable it.
2025-10-02 21:03:27.450 WARNING (rank 1): `leading_eig` normalization has high memory usage. If you encounter OOM errors try to disable it.
2025-10-02 21:03:32.267 WARNING (rank 3): `leading_eig` normalization has high memory usage. If you encounter OOM errors try to disable it.
2025-10-02 21:03:50.938 WARNING (rank 0): `leading_eig` normalization has high memory usage. If you encounter OOM errors try to disable it.
2025-10-02 21:03:51.422 DEBUG (rank 2): Retrieved 4 logs.
2025-10-02 21:03:51.422 DEBUG (rank 3): Retrieved 4 logs.
2025-10-02 21:03:51.422 DEBUG (rank 0): Retrieved 4 logs.
2025-10-02 21:03:51.422 DEBUG (rank 1): Retrieved 4 logs.
2025-10-02 21:03:54.136 DEBUG (rank 0): Identified new best model: <LogEntry hash=c08dfef369a2ef5aee5bf00f30448011, id=1>
2025-10-02 21:03:54.142 DEBUG (rank 0): Saved best model (within-experiment ID=1) to results_multi_potential/case_m175_RF_2048/run_251002_205710_b5642048/best_ckpt.pt
2025-10-02 21:03:54.143 INFO (rank 0): Trial   1 | rf_type: gaussian | num_random_features:  2048   | length_scale:  4.000  | use_offset:  True   | rng_seed:   42    | Best trial 1 (energy 47.31 meV/atom - forces 35.1 meV/Ang)
2025-10-02 21:03:54.330 DEBUG (rank 1): Autotune iteration with RF parameters GaussianRFConfig(num_random_features=2048, length_scale=6.0, use_offset=True, rng_seed=42)
2025-10-02 21:03:54.338 DEBUG (rank 3): Autotune iteration with RF parameters GaussianRFConfig(num_random_features=2048, length_scale=6.0, use_offset=True, rng_seed=42)
2025-10-02 21:03:54.338 DEBUG (rank 2): Autotune iteration with RF parameters GaussianRFConfig(num_random_features=2048, length_scale=6.0, use_offset=True, rng_seed=42)
2025-10-02 21:03:54.339 DEBUG (rank 0): Autotune iteration with RF parameters GaussianRFConfig(num_random_features=2048, length_scale=6.0, use_offset=True, rng_seed=42)
2025-10-02 21:09:52.352 WARNING (rank 2): `leading_eig` normalization has high memory usage. If you encounter OOM errors try to disable it.
2025-10-02 21:10:00.056 WARNING (rank 1): `leading_eig` normalization has high memory usage. If you encounter OOM errors try to disable it.
2025-10-02 21:10:06.006 WARNING (rank 3): `leading_eig` normalization has high memory usage. If you encounter OOM errors try to disable it.
2025-10-02 21:10:28.348 WARNING (rank 0): `leading_eig` normalization has high memory usage. If you encounter OOM errors try to disable it.
2025-10-02 21:10:28.412 DEBUG (rank 3): Retrieved 4 logs.
2025-10-02 21:10:28.412 DEBUG (rank 1): Retrieved 4 logs.
2025-10-02 21:10:28.412 DEBUG (rank 2): Retrieved 4 logs.
2025-10-02 21:10:28.412 DEBUG (rank 0): Retrieved 4 logs.
2025-10-02 21:10:31.056 DEBUG (rank 0): Identified new best model: <LogEntry hash=3838714f087ca04b44470545eb260ffd, id=0>
2025-10-02 21:10:31.062 DEBUG (rank 0): Saved best model (within-experiment ID=0) to results_multi_potential/case_m175_RF_2048/run_251002_205710_b5642048/best_ckpt.pt
2025-10-02 21:10:31.062 INFO (rank 0): Trial   2 | rf_type: gaussian | num_random_features:  2048   | length_scale:  6.000  | use_offset:  True   | rng_seed:   42    | Best trial 2 (energy 51.21 meV/atom - forces 30.4 meV/Ang)
2025-10-02 21:10:31.258 DEBUG (rank 1): Autotune iteration with RF parameters GaussianRFConfig(num_random_features=2048, length_scale=8.0, use_offset=True, rng_seed=42)
2025-10-02 21:10:31.261 DEBUG (rank 3): Autotune iteration with RF parameters GaussianRFConfig(num_random_features=2048, length_scale=8.0, use_offset=True, rng_seed=42)
2025-10-02 21:10:31.263 DEBUG (rank 2): Autotune iteration with RF parameters GaussianRFConfig(num_random_features=2048, length_scale=8.0, use_offset=True, rng_seed=42)
2025-10-02 21:10:31.262 DEBUG (rank 0): Autotune iteration with RF parameters GaussianRFConfig(num_random_features=2048, length_scale=8.0, use_offset=True, rng_seed=42)
2025-10-02 21:16:29.276 WARNING (rank 2): `leading_eig` normalization has high memory usage. If you encounter OOM errors try to disable it.
2025-10-02 21:16:37.984 WARNING (rank 1): `leading_eig` normalization has high memory usage. If you encounter OOM errors try to disable it.
2025-10-02 21:16:43.502 WARNING (rank 3): `leading_eig` normalization has high memory usage. If you encounter OOM errors try to disable it.
2025-10-02 21:17:06.292 WARNING (rank 0): `leading_eig` normalization has high memory usage. If you encounter OOM errors try to disable it.
2025-10-02 21:17:06.355 DEBUG (rank 3): Retrieved 4 logs.
2025-10-02 21:17:06.355 DEBUG (rank 1): Retrieved 4 logs.
2025-10-02 21:17:06.355 DEBUG (rank 2): Retrieved 4 logs.
2025-10-02 21:17:06.355 DEBUG (rank 0): Retrieved 4 logs.
2025-10-02 21:17:09.001 INFO (rank 0): Trial   3 | rf_type: gaussian | num_random_features:  2048   | length_scale:  8.000  | use_offset:  True   | rng_seed:   42    | Best trial 2 (energy 51.21 meV/atom - forces 30.4 meV/Ang)
2025-10-02 21:17:09.194 DEBUG (rank 1): Autotune iteration with RF parameters GaussianRFConfig(num_random_features=2048, length_scale=10.0, use_offset=True, rng_seed=42)
2025-10-02 21:17:09.200 DEBUG (rank 3): Autotune iteration with RF parameters GaussianRFConfig(num_random_features=2048, length_scale=10.0, use_offset=True, rng_seed=42)
2025-10-02 21:17:09.200 DEBUG (rank 2): Autotune iteration with RF parameters GaussianRFConfig(num_random_features=2048, length_scale=10.0, use_offset=True, rng_seed=42)
2025-10-02 21:17:09.201 DEBUG (rank 0): Autotune iteration with RF parameters GaussianRFConfig(num_random_features=2048, length_scale=10.0, use_offset=True, rng_seed=42)
2025-10-02 21:23:07.060 WARNING (rank 2): `leading_eig` normalization has high memory usage. If you encounter OOM errors try to disable it.
2025-10-02 21:23:14.908 WARNING (rank 1): `leading_eig` normalization has high memory usage. If you encounter OOM errors try to disable it.
2025-10-02 21:23:21.617 WARNING (rank 3): `leading_eig` normalization has high memory usage. If you encounter OOM errors try to disable it.
2025-10-02 21:23:43.316 WARNING (rank 0): `leading_eig` normalization has high memory usage. If you encounter OOM errors try to disable it.
2025-10-02 21:23:43.378 DEBUG (rank 1): Retrieved 4 logs.
2025-10-02 21:23:43.378 DEBUG (rank 3): Retrieved 4 logs.
2025-10-02 21:23:43.378 DEBUG (rank 2): Retrieved 4 logs.
2025-10-02 21:23:43.378 DEBUG (rank 0): Retrieved 4 logs.
2025-10-02 21:23:46.022 INFO (rank 0): Trial   4 | rf_type: gaussian | num_random_features:  2048   | length_scale: 10.000  | use_offset:  True   | rng_seed:   42    | Best trial 2 (energy 51.21 meV/atom - forces 30.4 meV/Ang)
