2025-10-02 19:28:18.676 DEBUG (rank 0): console_logging_level: INFO
dtype: float64
jac_chunk_size: 8
rf_normalization: leading_eig
run_dir: ./results_multi_potential/case_m15_RF_2048
save_every_model: False
save_fmaps: False
scale_by_species: True
seed: 42
backbone:
    family: mace
    interaction_block: 2
    path_or_id: MACE-L0
dataset:
    max_train_samples: null
    name: Cu_H2O_m15
    test_path: null
    train_path: Dataset/Train_m15_union_with_head.xyz
    val_path: Dataset/Valid_m15_union_with_head.xyz
rfs:
    length_scale:
      num: 4
      scale: linear
      start: 4.0
      stop: 10.0
      value: null
      values: null
    num_random_features: 2048
    rf_type: gaussian
    rng_seed: 42
    use_offset: true
solver:
    force_weight:
      num: 2
      scale: linear
      start: 0.5
      stop: 0.9
      value: null
      values: null
    l2_penalty:
      num: 2
      scale: log
      start: -10
      stop: -7
      value: null
      values: null

2025-10-02 19:28:18.677 INFO (rank 0): Initializing default cache directory at /leonardo/home/userexternal/mbianchi/.franken
2025-10-02 19:28:18.693 INFO (rank 3): Initializing default cache directory at /leonardo/home/userexternal/mbianchi/.franken
2025-10-02 19:28:18.693 INFO (rank 2): Initializing default cache directory at /leonardo/home/userexternal/mbianchi/.franken
2025-10-02 19:28:18.693 INFO (rank 1): Initializing default cache directory at /leonardo/home/userexternal/mbianchi/.franken
2025-10-02 19:28:18.693 INFO (rank 0): Run folder: results_multi_potential/case_m15_RF_2048/run_251002_192818_445f5014
2025-10-02 19:28:18.694 INFO (rank 3): Dataset with name 'Cu_H2O_m15' not found in registry
2025-10-02 19:28:18.694 INFO (rank 1): Dataset with name 'Cu_H2O_m15' not found in registry
2025-10-02 19:28:18.694 INFO (rank 0): Dataset with name 'Cu_H2O_m15' not found in registry
2025-10-02 19:28:18.694 INFO (rank 2): Dataset with name 'Cu_H2O_m15' not found in registry
2025-10-02 19:28:23.973 DEBUG (rank 1): Autotune iteration with RF parameters GaussianRFConfig(num_random_features=2048, length_scale=4.0, use_offset=True, rng_seed=42)
2025-10-02 19:28:23.974 DEBUG (rank 3): Autotune iteration with RF parameters GaussianRFConfig(num_random_features=2048, length_scale=4.0, use_offset=True, rng_seed=42)
2025-10-02 19:28:23.979 DEBUG (rank 0): Autotune iteration with RF parameters GaussianRFConfig(num_random_features=2048, length_scale=4.0, use_offset=True, rng_seed=42)
2025-10-02 19:28:23.996 DEBUG (rank 2): Autotune iteration with RF parameters GaussianRFConfig(num_random_features=2048, length_scale=4.0, use_offset=True, rng_seed=42)
2025-10-02 19:34:00.157 WARNING (rank 3): `leading_eig` normalization has high memory usage. If you encounter OOM errors try to disable it.
2025-10-02 19:34:13.307 WARNING (rank 1): `leading_eig` normalization has high memory usage. If you encounter OOM errors try to disable it.
2025-10-02 19:34:25.439 WARNING (rank 2): `leading_eig` normalization has high memory usage. If you encounter OOM errors try to disable it.
2025-10-02 19:35:45.384 WARNING (rank 0): `leading_eig` normalization has high memory usage. If you encounter OOM errors try to disable it.
2025-10-02 19:35:45.878 DEBUG (rank 1): Retrieved 4 logs.
2025-10-02 19:35:45.878 DEBUG (rank 2): Retrieved 4 logs.
2025-10-02 19:35:45.878 DEBUG (rank 0): Retrieved 4 logs.
2025-10-02 19:35:45.878 DEBUG (rank 3): Retrieved 4 logs.
2025-10-02 19:35:48.657 DEBUG (rank 0): Identified new best model: <LogEntry hash=c08dfef369a2ef5aee5bf00f30448011, id=1>
2025-10-02 19:35:48.663 DEBUG (rank 0): Saved best model (within-experiment ID=1) to results_multi_potential/case_m15_RF_2048/run_251002_192818_445f5014/best_ckpt.pt
2025-10-02 19:35:48.664 INFO (rank 0): Trial   1 | rf_type: gaussian | num_random_features:  2048   | length_scale:  4.000  | use_offset:  True   | rng_seed:   42    | Best trial 1 (energy 41.48 meV/atom - forces 35.4 meV/Ang)
2025-10-02 19:35:48.838 DEBUG (rank 3): Autotune iteration with RF parameters GaussianRFConfig(num_random_features=2048, length_scale=6.0, use_offset=True, rng_seed=42)
2025-10-02 19:35:48.857 DEBUG (rank 0): Autotune iteration with RF parameters GaussianRFConfig(num_random_features=2048, length_scale=6.0, use_offset=True, rng_seed=42)
2025-10-02 19:35:48.857 DEBUG (rank 1): Autotune iteration with RF parameters GaussianRFConfig(num_random_features=2048, length_scale=6.0, use_offset=True, rng_seed=42)
2025-10-02 19:35:48.858 DEBUG (rank 2): Autotune iteration with RF parameters GaussianRFConfig(num_random_features=2048, length_scale=6.0, use_offset=True, rng_seed=42)
2025-10-02 19:41:13.995 WARNING (rank 3): `leading_eig` normalization has high memory usage. If you encounter OOM errors try to disable it.
2025-10-02 19:41:32.222 WARNING (rank 1): `leading_eig` normalization has high memory usage. If you encounter OOM errors try to disable it.
2025-10-02 19:41:45.213 WARNING (rank 2): `leading_eig` normalization has high memory usage. If you encounter OOM errors try to disable it.
2025-10-02 19:43:04.603 WARNING (rank 0): `leading_eig` normalization has high memory usage. If you encounter OOM errors try to disable it.
2025-10-02 19:43:04.669 DEBUG (rank 3): Retrieved 4 logs.
2025-10-02 19:43:04.669 DEBUG (rank 1): Retrieved 4 logs.
2025-10-02 19:43:04.669 DEBUG (rank 2): Retrieved 4 logs.
2025-10-02 19:43:04.669 DEBUG (rank 0): Retrieved 4 logs.
2025-10-02 19:43:07.380 DEBUG (rank 0): Identified new best model: <LogEntry hash=3838714f087ca04b44470545eb260ffd, id=0>
2025-10-02 19:43:07.385 DEBUG (rank 0): Saved best model (within-experiment ID=0) to results_multi_potential/case_m15_RF_2048/run_251002_192818_445f5014/best_ckpt.pt
2025-10-02 19:43:07.386 INFO (rank 0): Trial   2 | rf_type: gaussian | num_random_features:  2048   | length_scale:  6.000  | use_offset:  True   | rng_seed:   42    | Best trial 2 (energy 45.22 meV/atom - forces 29.7 meV/Ang)
2025-10-02 19:43:07.582 DEBUG (rank 3): Autotune iteration with RF parameters GaussianRFConfig(num_random_features=2048, length_scale=8.0, use_offset=True, rng_seed=42)
2025-10-02 19:43:07.585 DEBUG (rank 0): Autotune iteration with RF parameters GaussianRFConfig(num_random_features=2048, length_scale=8.0, use_offset=True, rng_seed=42)
2025-10-02 19:43:07.584 DEBUG (rank 1): Autotune iteration with RF parameters GaussianRFConfig(num_random_features=2048, length_scale=8.0, use_offset=True, rng_seed=42)
2025-10-02 19:43:07.584 DEBUG (rank 2): Autotune iteration with RF parameters GaussianRFConfig(num_random_features=2048, length_scale=8.0, use_offset=True, rng_seed=42)
2025-10-02 19:48:33.349 WARNING (rank 3): `leading_eig` normalization has high memory usage. If you encounter OOM errors try to disable it.
2025-10-02 19:48:51.735 WARNING (rank 1): `leading_eig` normalization has high memory usage. If you encounter OOM errors try to disable it.
2025-10-02 19:49:04.150 WARNING (rank 2): `leading_eig` normalization has high memory usage. If you encounter OOM errors try to disable it.
2025-10-02 19:50:23.740 WARNING (rank 0): `leading_eig` normalization has high memory usage. If you encounter OOM errors try to disable it.
2025-10-02 19:50:23.803 DEBUG (rank 1): Retrieved 4 logs.
2025-10-02 19:50:23.803 DEBUG (rank 2): Retrieved 4 logs.
2025-10-02 19:50:23.803 DEBUG (rank 3): Retrieved 4 logs.
2025-10-02 19:50:23.803 DEBUG (rank 0): Retrieved 4 logs.
2025-10-02 19:50:26.515 INFO (rank 0): Trial   3 | rf_type: gaussian | num_random_features:  2048   | length_scale:  8.000  | use_offset:  True   | rng_seed:   42    | Best trial 2 (energy 45.22 meV/atom - forces 29.7 meV/Ang)
2025-10-02 19:50:26.712 DEBUG (rank 3): Autotune iteration with RF parameters GaussianRFConfig(num_random_features=2048, length_scale=10.0, use_offset=True, rng_seed=42)
2025-10-02 19:50:26.712 DEBUG (rank 0): Autotune iteration with RF parameters GaussianRFConfig(num_random_features=2048, length_scale=10.0, use_offset=True, rng_seed=42)
2025-10-02 19:50:26.712 DEBUG (rank 1): Autotune iteration with RF parameters GaussianRFConfig(num_random_features=2048, length_scale=10.0, use_offset=True, rng_seed=42)
2025-10-02 19:50:26.712 DEBUG (rank 2): Autotune iteration with RF parameters GaussianRFConfig(num_random_features=2048, length_scale=10.0, use_offset=True, rng_seed=42)
2025-10-02 19:55:51.812 WARNING (rank 3): `leading_eig` normalization has high memory usage. If you encounter OOM errors try to disable it.
2025-10-02 19:56:10.132 WARNING (rank 1): `leading_eig` normalization has high memory usage. If you encounter OOM errors try to disable it.
2025-10-02 19:56:23.083 WARNING (rank 2): `leading_eig` normalization has high memory usage. If you encounter OOM errors try to disable it.
2025-10-02 19:57:42.597 WARNING (rank 0): `leading_eig` normalization has high memory usage. If you encounter OOM errors try to disable it.
2025-10-02 19:57:42.662 DEBUG (rank 3): Retrieved 4 logs.
2025-10-02 19:57:42.662 DEBUG (rank 1): Retrieved 4 logs.
2025-10-02 19:57:42.662 DEBUG (rank 2): Retrieved 4 logs.
2025-10-02 19:57:42.663 DEBUG (rank 0): Retrieved 4 logs.
2025-10-02 19:57:45.380 INFO (rank 0): Trial   4 | rf_type: gaussian | num_random_features:  2048   | length_scale: 10.000  | use_offset:  True   | rng_seed:   42    | Best trial 2 (energy 45.22 meV/atom - forces 29.7 meV/Ang)
