2025-10-02 18:33:40.372 DEBUG (rank 0): console_logging_level: INFO
dtype: float64
jac_chunk_size: 8
rf_normalization: leading_eig
run_dir: ./results_multi_potential/case_m125_RF_4096
save_every_model: False
save_fmaps: False
scale_by_species: True
seed: 42
backbone:
    family: mace
    interaction_block: 2
    path_or_id: MACE-L0
dataset:
    max_train_samples: null
    name: Cu_H2O_m125
    test_path: null
    train_path: Dataset/Train_m125_union_with_head.xyz
    val_path: Dataset/Valid_m125_union_with_head.xyz
rfs:
    length_scale:
      num: 4
      scale: linear
      start: 4.0
      stop: 10.0
      value: null
      values: null
    num_random_features: 4096
    rf_type: gaussian
    rng_seed: 42
    use_offset: true
solver:
    force_weight:
      num: 2
      scale: linear
      start: 0.5
      stop: 0.9
      value: null
      values: null
    l2_penalty:
      num: 2
      scale: log
      start: -10
      stop: -7
      value: null
      values: null

2025-10-02 18:33:40.373 INFO (rank 0): Initializing default cache directory at /leonardo/home/userexternal/mbianchi/.franken
2025-10-02 18:33:40.389 INFO (rank 2): Initializing default cache directory at /leonardo/home/userexternal/mbianchi/.franken
2025-10-02 18:33:40.389 INFO (rank 1): Initializing default cache directory at /leonardo/home/userexternal/mbianchi/.franken
2025-10-02 18:33:40.389 INFO (rank 3): Initializing default cache directory at /leonardo/home/userexternal/mbianchi/.franken
2025-10-02 18:33:40.389 INFO (rank 0): Run folder: results_multi_potential/case_m125_RF_4096/run_251002_183340_6432035e
2025-10-02 18:33:40.390 INFO (rank 2): Dataset with name 'Cu_H2O_m125' not found in registry
2025-10-02 18:33:40.390 INFO (rank 0): Dataset with name 'Cu_H2O_m125' not found in registry
2025-10-02 18:33:40.390 INFO (rank 1): Dataset with name 'Cu_H2O_m125' not found in registry
2025-10-02 18:33:40.390 INFO (rank 3): Dataset with name 'Cu_H2O_m125' not found in registry
2025-10-02 18:33:45.636 DEBUG (rank 2): Autotune iteration with RF parameters GaussianRFConfig(num_random_features=4096, length_scale=4.0, use_offset=True, rng_seed=42)
2025-10-02 18:33:45.637 DEBUG (rank 3): Autotune iteration with RF parameters GaussianRFConfig(num_random_features=4096, length_scale=4.0, use_offset=True, rng_seed=42)
2025-10-02 18:33:45.641 DEBUG (rank 1): Autotune iteration with RF parameters GaussianRFConfig(num_random_features=4096, length_scale=4.0, use_offset=True, rng_seed=42)
2025-10-02 18:33:45.645 DEBUG (rank 0): Autotune iteration with RF parameters GaussianRFConfig(num_random_features=4096, length_scale=4.0, use_offset=True, rng_seed=42)
2025-10-02 18:39:26.125 WARNING (rank 1): `leading_eig` normalization has high memory usage. If you encounter OOM errors try to disable it.
2025-10-02 18:39:44.185 WARNING (rank 3): `leading_eig` normalization has high memory usage. If you encounter OOM errors try to disable it.
2025-10-02 18:40:08.071 WARNING (rank 0): `leading_eig` normalization has high memory usage. If you encounter OOM errors try to disable it.
2025-10-02 18:40:32.585 WARNING (rank 2): `leading_eig` normalization has high memory usage. If you encounter OOM errors try to disable it.
2025-10-02 18:40:33.177 DEBUG (rank 2): Retrieved 4 logs.
2025-10-02 18:40:33.177 DEBUG (rank 0): Retrieved 4 logs.
2025-10-02 18:40:33.177 DEBUG (rank 3): Retrieved 4 logs.
2025-10-02 18:40:33.177 DEBUG (rank 1): Retrieved 4 logs.
2025-10-02 18:40:35.910 DEBUG (rank 0): Identified new best model: <LogEntry hash=6b136834a6d766795231f5fa53757afb, id=1>
2025-10-02 18:40:35.919 DEBUG (rank 0): Saved best model (within-experiment ID=1) to results_multi_potential/case_m125_RF_4096/run_251002_183340_6432035e/best_ckpt.pt
2025-10-02 18:40:35.920 INFO (rank 0): Trial   1 | rf_type: gaussian | num_random_features:  4096   | length_scale:  4.000  | use_offset:  True   | rng_seed:   42    | Best trial 1 (energy 46.87 meV/atom - forces 36.9 meV/Ang)
2025-10-02 18:40:36.118 DEBUG (rank 2): Autotune iteration with RF parameters GaussianRFConfig(num_random_features=4096, length_scale=6.0, use_offset=True, rng_seed=42)
2025-10-02 18:40:36.119 DEBUG (rank 1): Autotune iteration with RF parameters GaussianRFConfig(num_random_features=4096, length_scale=6.0, use_offset=True, rng_seed=42)
2025-10-02 18:40:36.119 DEBUG (rank 0): Autotune iteration with RF parameters GaussianRFConfig(num_random_features=4096, length_scale=6.0, use_offset=True, rng_seed=42)
2025-10-02 18:40:36.120 DEBUG (rank 3): Autotune iteration with RF parameters GaussianRFConfig(num_random_features=4096, length_scale=6.0, use_offset=True, rng_seed=42)
2025-10-02 18:46:09.963 WARNING (rank 1): `leading_eig` normalization has high memory usage. If you encounter OOM errors try to disable it.
2025-10-02 18:46:29.979 WARNING (rank 3): `leading_eig` normalization has high memory usage. If you encounter OOM errors try to disable it.
2025-10-02 18:46:49.509 WARNING (rank 0): `leading_eig` normalization has high memory usage. If you encounter OOM errors try to disable it.
2025-10-02 18:47:16.799 WARNING (rank 2): `leading_eig` normalization has high memory usage. If you encounter OOM errors try to disable it.
2025-10-02 18:47:16.986 DEBUG (rank 2): Retrieved 4 logs.
2025-10-02 18:47:16.986 DEBUG (rank 0): Retrieved 4 logs.
2025-10-02 18:47:16.986 DEBUG (rank 3): Retrieved 4 logs.
2025-10-02 18:47:16.986 DEBUG (rank 1): Retrieved 4 logs.
2025-10-02 18:47:19.655 DEBUG (rank 0): Identified new best model: <LogEntry hash=1b3d20e2db6d6017f91eaf1a1d0afa1d, id=0>
2025-10-02 18:47:19.664 DEBUG (rank 0): Saved best model (within-experiment ID=0) to results_multi_potential/case_m125_RF_4096/run_251002_183340_6432035e/best_ckpt.pt
2025-10-02 18:47:19.665 INFO (rank 0): Trial   2 | rf_type: gaussian | num_random_features:  4096   | length_scale:  6.000  | use_offset:  True   | rng_seed:   42    | Best trial 2 (energy 50.72 meV/atom - forces 31.9 meV/Ang)
2025-10-02 18:47:19.865 DEBUG (rank 2): Autotune iteration with RF parameters GaussianRFConfig(num_random_features=4096, length_scale=8.0, use_offset=True, rng_seed=42)
2025-10-02 18:47:19.867 DEBUG (rank 0): Autotune iteration with RF parameters GaussianRFConfig(num_random_features=4096, length_scale=8.0, use_offset=True, rng_seed=42)
2025-10-02 18:47:19.867 DEBUG (rank 1): Autotune iteration with RF parameters GaussianRFConfig(num_random_features=4096, length_scale=8.0, use_offset=True, rng_seed=42)
2025-10-02 18:47:19.869 DEBUG (rank 3): Autotune iteration with RF parameters GaussianRFConfig(num_random_features=4096, length_scale=8.0, use_offset=True, rng_seed=42)
2025-10-02 18:52:53.682 WARNING (rank 1): `leading_eig` normalization has high memory usage. If you encounter OOM errors try to disable it.
2025-10-02 18:53:13.950 WARNING (rank 3): `leading_eig` normalization has high memory usage. If you encounter OOM errors try to disable it.
2025-10-02 18:53:33.296 WARNING (rank 0): `leading_eig` normalization has high memory usage. If you encounter OOM errors try to disable it.
2025-10-02 18:54:00.416 WARNING (rank 2): `leading_eig` normalization has high memory usage. If you encounter OOM errors try to disable it.
2025-10-02 18:54:00.606 DEBUG (rank 2): Retrieved 4 logs.
2025-10-02 18:54:00.606 DEBUG (rank 0): Retrieved 4 logs.
2025-10-02 18:54:00.606 DEBUG (rank 3): Retrieved 4 logs.
2025-10-02 18:54:00.606 DEBUG (rank 1): Retrieved 4 logs.
2025-10-02 18:54:03.286 INFO (rank 0): Trial   3 | rf_type: gaussian | num_random_features:  4096   | length_scale:  8.000  | use_offset:  True   | rng_seed:   42    | Best trial 2 (energy 50.72 meV/atom - forces 31.9 meV/Ang)
2025-10-02 18:54:03.488 DEBUG (rank 2): Autotune iteration with RF parameters GaussianRFConfig(num_random_features=4096, length_scale=10.0, use_offset=True, rng_seed=42)
2025-10-02 18:54:03.488 DEBUG (rank 0): Autotune iteration with RF parameters GaussianRFConfig(num_random_features=4096, length_scale=10.0, use_offset=True, rng_seed=42)
2025-10-02 18:54:03.489 DEBUG (rank 3): Autotune iteration with RF parameters GaussianRFConfig(num_random_features=4096, length_scale=10.0, use_offset=True, rng_seed=42)
2025-10-02 18:54:03.488 DEBUG (rank 1): Autotune iteration with RF parameters GaussianRFConfig(num_random_features=4096, length_scale=10.0, use_offset=True, rng_seed=42)
2025-10-02 18:59:37.948 WARNING (rank 1): `leading_eig` normalization has high memory usage. If you encounter OOM errors try to disable it.
2025-10-02 18:59:57.248 WARNING (rank 3): `leading_eig` normalization has high memory usage. If you encounter OOM errors try to disable it.
2025-10-02 19:00:17.692 WARNING (rank 0): `leading_eig` normalization has high memory usage. If you encounter OOM errors try to disable it.
2025-10-02 19:00:44.093 WARNING (rank 2): `leading_eig` normalization has high memory usage. If you encounter OOM errors try to disable it.
2025-10-02 19:00:44.281 DEBUG (rank 2): Retrieved 4 logs.
2025-10-02 19:00:44.281 DEBUG (rank 0): Retrieved 4 logs.
2025-10-02 19:00:44.281 DEBUG (rank 3): Retrieved 4 logs.
2025-10-02 19:00:44.282 DEBUG (rank 1): Retrieved 4 logs.
2025-10-02 19:00:46.956 INFO (rank 0): Trial   4 | rf_type: gaussian | num_random_features:  4096   | length_scale: 10.000  | use_offset:  True   | rng_seed:   42    | Best trial 2 (energy 50.72 meV/atom - forces 31.9 meV/Ang)
