2025-10-02 18:06:18.437 DEBUG (rank 0): console_logging_level: INFO
dtype: float64
jac_chunk_size: 8
rf_normalization: leading_eig
run_dir: ./results_multi_potential/case_m125_RF_2048
save_every_model: False
save_fmaps: False
scale_by_species: True
seed: 42
backbone:
    family: mace
    interaction_block: 2
    path_or_id: MACE-L0
dataset:
    max_train_samples: null
    name: Cu_H2O_m125
    test_path: null
    train_path: Dataset/Train_m125_union_with_head.xyz
    val_path: Dataset/Valid_m125_union_with_head.xyz
rfs:
    length_scale:
      num: 4
      scale: linear
      start: 4.0
      stop: 10.0
      value: null
      values: null
    num_random_features: 2048
    rf_type: gaussian
    rng_seed: 42
    use_offset: true
solver:
    force_weight:
      num: 2
      scale: linear
      start: 0.5
      stop: 0.9
      value: null
      values: null
    l2_penalty:
      num: 2
      scale: log
      start: -10
      stop: -7
      value: null
      values: null

2025-10-02 18:06:18.438 INFO (rank 0): Initializing default cache directory at /leonardo/home/userexternal/mbianchi/.franken
2025-10-02 18:06:18.443 INFO (rank 0): Run folder: results_multi_potential/case_m125_RF_2048/run_251002_180618_ae998645
2025-10-02 18:06:18.455 INFO (rank 2): Initializing default cache directory at /leonardo/home/userexternal/mbianchi/.franken
2025-10-02 18:06:18.455 INFO (rank 3): Initializing default cache directory at /leonardo/home/userexternal/mbianchi/.franken
2025-10-02 18:06:18.455 INFO (rank 1): Initializing default cache directory at /leonardo/home/userexternal/mbianchi/.franken
2025-10-02 18:06:18.455 INFO (rank 0): Dataset with name 'Cu_H2O_m125' not found in registry
2025-10-02 18:06:18.455 INFO (rank 3): Dataset with name 'Cu_H2O_m125' not found in registry
2025-10-02 18:06:18.455 INFO (rank 1): Dataset with name 'Cu_H2O_m125' not found in registry
2025-10-02 18:06:18.455 INFO (rank 2): Dataset with name 'Cu_H2O_m125' not found in registry
2025-10-02 18:06:23.794 DEBUG (rank 0): Autotune iteration with RF parameters GaussianRFConfig(num_random_features=2048, length_scale=4.0, use_offset=True, rng_seed=42)
2025-10-02 18:06:23.794 DEBUG (rank 3): Autotune iteration with RF parameters GaussianRFConfig(num_random_features=2048, length_scale=4.0, use_offset=True, rng_seed=42)
2025-10-02 18:06:23.796 DEBUG (rank 2): Autotune iteration with RF parameters GaussianRFConfig(num_random_features=2048, length_scale=4.0, use_offset=True, rng_seed=42)
2025-10-02 18:06:23.797 DEBUG (rank 1): Autotune iteration with RF parameters GaussianRFConfig(num_random_features=2048, length_scale=4.0, use_offset=True, rng_seed=42)
2025-10-02 18:12:04.918 WARNING (rank 1): `leading_eig` normalization has high memory usage. If you encounter OOM errors try to disable it.
2025-10-02 18:12:20.977 WARNING (rank 3): `leading_eig` normalization has high memory usage. If you encounter OOM errors try to disable it.
2025-10-02 18:12:48.667 WARNING (rank 0): `leading_eig` normalization has high memory usage. If you encounter OOM errors try to disable it.
2025-10-02 18:13:13.236 WARNING (rank 2): `leading_eig` normalization has high memory usage. If you encounter OOM errors try to disable it.
2025-10-02 18:13:13.715 DEBUG (rank 1): Retrieved 4 logs.
2025-10-02 18:13:13.715 DEBUG (rank 0): Retrieved 4 logs.
2025-10-02 18:13:13.715 DEBUG (rank 2): Retrieved 4 logs.
2025-10-02 18:13:13.715 DEBUG (rank 3): Retrieved 4 logs.
2025-10-02 18:13:16.457 DEBUG (rank 0): Identified new best model: <LogEntry hash=c08dfef369a2ef5aee5bf00f30448011, id=1>
2025-10-02 18:13:16.463 DEBUG (rank 0): Saved best model (within-experiment ID=1) to results_multi_potential/case_m125_RF_2048/run_251002_180618_ae998645/best_ckpt.pt
2025-10-02 18:13:16.464 INFO (rank 0): Trial   1 | rf_type: gaussian | num_random_features:  2048   | length_scale:  4.000  | use_offset:  True   | rng_seed:   42    | Best trial 1 (energy 52.08 meV/atom - forces 35.0 meV/Ang)
2025-10-02 18:13:16.641 DEBUG (rank 0): Autotune iteration with RF parameters GaussianRFConfig(num_random_features=2048, length_scale=6.0, use_offset=True, rng_seed=42)
2025-10-02 18:13:16.660 DEBUG (rank 3): Autotune iteration with RF parameters GaussianRFConfig(num_random_features=2048, length_scale=6.0, use_offset=True, rng_seed=42)
2025-10-02 18:13:16.661 DEBUG (rank 2): Autotune iteration with RF parameters GaussianRFConfig(num_random_features=2048, length_scale=6.0, use_offset=True, rng_seed=42)
2025-10-02 18:13:16.661 DEBUG (rank 1): Autotune iteration with RF parameters GaussianRFConfig(num_random_features=2048, length_scale=6.0, use_offset=True, rng_seed=42)
2025-10-02 18:18:55.228 WARNING (rank 1): `leading_eig` normalization has high memory usage. If you encounter OOM errors try to disable it.
2025-10-02 18:19:07.515 WARNING (rank 3): `leading_eig` normalization has high memory usage. If you encounter OOM errors try to disable it.
2025-10-02 18:19:30.557 WARNING (rank 0): `leading_eig` normalization has high memory usage. If you encounter OOM errors try to disable it.
2025-10-02 18:19:58.910 WARNING (rank 2): `leading_eig` normalization has high memory usage. If you encounter OOM errors try to disable it.
2025-10-02 18:19:58.968 DEBUG (rank 3): Retrieved 4 logs.
2025-10-02 18:19:58.968 DEBUG (rank 2): Retrieved 4 logs.
2025-10-02 18:19:58.968 DEBUG (rank 0): Retrieved 4 logs.
2025-10-02 18:19:58.968 DEBUG (rank 1): Retrieved 4 logs.
2025-10-02 18:20:01.639 DEBUG (rank 0): Identified new best model: <LogEntry hash=3838714f087ca04b44470545eb260ffd, id=0>
2025-10-02 18:20:01.645 DEBUG (rank 0): Saved best model (within-experiment ID=0) to results_multi_potential/case_m125_RF_2048/run_251002_180618_ae998645/best_ckpt.pt
2025-10-02 18:20:01.645 INFO (rank 0): Trial   2 | rf_type: gaussian | num_random_features:  2048   | length_scale:  6.000  | use_offset:  True   | rng_seed:   42    | Best trial 2 (energy 56.07 meV/atom - forces 30.0 meV/Ang)
2025-10-02 18:20:01.842 DEBUG (rank 0): Autotune iteration with RF parameters GaussianRFConfig(num_random_features=2048, length_scale=8.0, use_offset=True, rng_seed=42)
2025-10-02 18:20:01.846 DEBUG (rank 2): Autotune iteration with RF parameters GaussianRFConfig(num_random_features=2048, length_scale=8.0, use_offset=True, rng_seed=42)
2025-10-02 18:20:01.845 DEBUG (rank 3): Autotune iteration with RF parameters GaussianRFConfig(num_random_features=2048, length_scale=8.0, use_offset=True, rng_seed=42)
2025-10-02 18:20:01.846 DEBUG (rank 1): Autotune iteration with RF parameters GaussianRFConfig(num_random_features=2048, length_scale=8.0, use_offset=True, rng_seed=42)
2025-10-02 18:25:40.023 WARNING (rank 1): `leading_eig` normalization has high memory usage. If you encounter OOM errors try to disable it.
2025-10-02 18:25:52.714 WARNING (rank 3): `leading_eig` normalization has high memory usage. If you encounter OOM errors try to disable it.
2025-10-02 18:26:16.781 WARNING (rank 0): `leading_eig` normalization has high memory usage. If you encounter OOM errors try to disable it.
2025-10-02 18:26:44.110 WARNING (rank 2): `leading_eig` normalization has high memory usage. If you encounter OOM errors try to disable it.
2025-10-02 18:26:44.172 DEBUG (rank 2): Retrieved 4 logs.
2025-10-02 18:26:44.172 DEBUG (rank 3): Retrieved 4 logs.
2025-10-02 18:26:44.172 DEBUG (rank 0): Retrieved 4 logs.
2025-10-02 18:26:44.172 DEBUG (rank 1): Retrieved 4 logs.
2025-10-02 18:26:46.845 INFO (rank 0): Trial   3 | rf_type: gaussian | num_random_features:  2048   | length_scale:  8.000  | use_offset:  True   | rng_seed:   42    | Best trial 2 (energy 56.07 meV/atom - forces 30.0 meV/Ang)
2025-10-02 18:26:47.043 DEBUG (rank 0): Autotune iteration with RF parameters GaussianRFConfig(num_random_features=2048, length_scale=10.0, use_offset=True, rng_seed=42)
2025-10-02 18:26:47.047 DEBUG (rank 3): Autotune iteration with RF parameters GaussianRFConfig(num_random_features=2048, length_scale=10.0, use_offset=True, rng_seed=42)
2025-10-02 18:26:47.047 DEBUG (rank 2): Autotune iteration with RF parameters GaussianRFConfig(num_random_features=2048, length_scale=10.0, use_offset=True, rng_seed=42)
2025-10-02 18:26:47.048 DEBUG (rank 1): Autotune iteration with RF parameters GaussianRFConfig(num_random_features=2048, length_scale=10.0, use_offset=True, rng_seed=42)
2025-10-02 18:32:25.671 WARNING (rank 1): `leading_eig` normalization has high memory usage. If you encounter OOM errors try to disable it.
2025-10-02 18:32:38.694 WARNING (rank 3): `leading_eig` normalization has high memory usage. If you encounter OOM errors try to disable it.
2025-10-02 18:33:01.079 WARNING (rank 0): `leading_eig` normalization has high memory usage. If you encounter OOM errors try to disable it.
2025-10-02 18:33:29.708 WARNING (rank 2): `leading_eig` normalization has high memory usage. If you encounter OOM errors try to disable it.
2025-10-02 18:33:29.767 DEBUG (rank 2): Retrieved 4 logs.
2025-10-02 18:33:29.767 DEBUG (rank 0): Retrieved 4 logs.
2025-10-02 18:33:29.767 DEBUG (rank 3): Retrieved 4 logs.
2025-10-02 18:33:29.767 DEBUG (rank 1): Retrieved 4 logs.
2025-10-02 18:33:32.453 INFO (rank 0): Trial   4 | rf_type: gaussian | num_random_features:  2048   | length_scale: 10.000  | use_offset:  True   | rng_seed:   42    | Best trial 2 (energy 56.07 meV/atom - forces 30.0 meV/Ang)
