2025-10-03 11:53:01.958 DEBUG (rank 0): console_logging_level: INFO
dtype: float64
jac_chunk_size: 8
rf_normalization: leading_eig
run_dir: ./results_multi_potential/case_m1_RF_1024
save_every_model: False
save_fmaps: False
scale_by_species: True
seed: 42
backbone:
    family: mace
    interaction_block: 2
    path_or_id: MACE-L0
dataset:
    max_train_samples: null
    name: Cu_H2O_m1
    test_path: null
    train_path: Dataset/Train_m1_union_with_head.xyz
    val_path: Dataset/Valid_m1_union_with_head.xyz
rfs:
    length_scale:
      num: 4
      scale: linear
      start: 4.0
      stop: 10.0
      value: null
      values: null
    num_random_features: 1024
    rf_type: gaussian
    rng_seed: 42
    use_offset: true
solver:
    force_weight:
      num: 2
      scale: linear
      start: 0.5
      stop: 0.9
      value: null
      values: null
    l2_penalty:
      num: 2
      scale: log
      start: -10
      stop: -7
      value: null
      values: null

2025-10-03 11:53:01.958 INFO (rank 0): Initializing default cache directory at /leonardo/home/userexternal/mbianchi/.franken
2025-10-03 11:53:01.963 INFO (rank 0): Run folder: results_multi_potential/case_m1_RF_1024/run_251003_115301_6383a761
2025-10-03 11:53:01.975 INFO (rank 1): Initializing default cache directory at /leonardo/home/userexternal/mbianchi/.franken
2025-10-03 11:53:01.975 INFO (rank 2): Initializing default cache directory at /leonardo/home/userexternal/mbianchi/.franken
2025-10-03 11:53:01.975 INFO (rank 3): Initializing default cache directory at /leonardo/home/userexternal/mbianchi/.franken
2025-10-03 11:53:01.976 INFO (rank 0): Dataset with name 'Cu_H2O_m1' not found in registry
2025-10-03 11:53:01.976 INFO (rank 1): Dataset with name 'Cu_H2O_m1' not found in registry
2025-10-03 11:53:01.976 INFO (rank 3): Dataset with name 'Cu_H2O_m1' not found in registry
2025-10-03 11:53:01.976 INFO (rank 2): Dataset with name 'Cu_H2O_m1' not found in registry
2025-10-03 11:53:07.281 DEBUG (rank 0): Autotune iteration with RF parameters GaussianRFConfig(num_random_features=1024, length_scale=4.0, use_offset=True, rng_seed=42)
2025-10-03 11:53:07.289 DEBUG (rank 1): Autotune iteration with RF parameters GaussianRFConfig(num_random_features=1024, length_scale=4.0, use_offset=True, rng_seed=42)
2025-10-03 11:53:07.291 DEBUG (rank 2): Autotune iteration with RF parameters GaussianRFConfig(num_random_features=1024, length_scale=4.0, use_offset=True, rng_seed=42)
2025-10-03 11:53:07.294 DEBUG (rank 3): Autotune iteration with RF parameters GaussianRFConfig(num_random_features=1024, length_scale=4.0, use_offset=True, rng_seed=42)
2025-10-03 11:59:02.439 WARNING (rank 3): `leading_eig` normalization has high memory usage. If you encounter OOM errors try to disable it.
2025-10-03 11:59:24.481 WARNING (rank 1): `leading_eig` normalization has high memory usage. If you encounter OOM errors try to disable it.
2025-10-03 11:59:40.940 WARNING (rank 2): `leading_eig` normalization has high memory usage. If you encounter OOM errors try to disable it.
2025-10-03 11:59:43.343 WARNING (rank 0): `leading_eig` normalization has high memory usage. If you encounter OOM errors try to disable it.
2025-10-03 11:59:43.797 DEBUG (rank 1): Retrieved 4 logs.
2025-10-03 11:59:43.797 DEBUG (rank 2): Retrieved 4 logs.
2025-10-03 11:59:43.797 DEBUG (rank 3): Retrieved 4 logs.
2025-10-03 11:59:43.797 DEBUG (rank 0): Retrieved 4 logs.
2025-10-03 11:59:46.543 DEBUG (rank 0): Identified new best model: <LogEntry hash=aac870cc816a8a11e9ab336e04b5f859, id=1>
2025-10-03 11:59:46.547 DEBUG (rank 0): Saved best model (within-experiment ID=1) to results_multi_potential/case_m1_RF_1024/run_251003_115301_6383a761/best_ckpt.pt
2025-10-03 11:59:46.548 INFO (rank 0): Trial   1 | rf_type: gaussian | num_random_features:  1024   | length_scale:  4.000  | use_offset:  True   | rng_seed:   42    | Best trial 1 (energy 62.13 meV/atom - forces 31.4 meV/Ang)
2025-10-03 11:59:46.729 DEBUG (rank 1): Autotune iteration with RF parameters GaussianRFConfig(num_random_features=1024, length_scale=6.0, use_offset=True, rng_seed=42)
2025-10-03 11:59:46.746 DEBUG (rank 2): Autotune iteration with RF parameters GaussianRFConfig(num_random_features=1024, length_scale=6.0, use_offset=True, rng_seed=42)
2025-10-03 11:59:46.747 DEBUG (rank 3): Autotune iteration with RF parameters GaussianRFConfig(num_random_features=1024, length_scale=6.0, use_offset=True, rng_seed=42)
2025-10-03 11:59:46.747 DEBUG (rank 0): Autotune iteration with RF parameters GaussianRFConfig(num_random_features=1024, length_scale=6.0, use_offset=True, rng_seed=42)
2025-10-03 12:05:34.748 WARNING (rank 3): `leading_eig` normalization has high memory usage. If you encounter OOM errors try to disable it.
2025-10-03 12:05:58.984 WARNING (rank 1): `leading_eig` normalization has high memory usage. If you encounter OOM errors try to disable it.
2025-10-03 12:06:14.514 WARNING (rank 2): `leading_eig` normalization has high memory usage. If you encounter OOM errors try to disable it.
2025-10-03 12:06:18.995 WARNING (rank 0): `leading_eig` normalization has high memory usage. If you encounter OOM errors try to disable it.
2025-10-03 12:06:19.023 DEBUG (rank 0): Retrieved 4 logs.
2025-10-03 12:06:19.023 DEBUG (rank 2): Retrieved 4 logs.
2025-10-03 12:06:19.023 DEBUG (rank 1): Retrieved 4 logs.
2025-10-03 12:06:19.024 DEBUG (rank 3): Retrieved 4 logs.
2025-10-03 12:06:21.697 DEBUG (rank 0): Identified new best model: <LogEntry hash=6540f1dafd2f5137ce08020a4aac1df1, id=0>
2025-10-03 12:06:21.701 DEBUG (rank 0): Saved best model (within-experiment ID=0) to results_multi_potential/case_m1_RF_1024/run_251003_115301_6383a761/best_ckpt.pt
2025-10-03 12:06:21.702 INFO (rank 0): Trial   2 | rf_type: gaussian | num_random_features:  1024   | length_scale:  6.000  | use_offset:  True   | rng_seed:   42    | Best trial 2 (energy 64.35 meV/atom - forces 28.0 meV/Ang)
2025-10-03 12:06:21.894 DEBUG (rank 1): Autotune iteration with RF parameters GaussianRFConfig(num_random_features=1024, length_scale=8.0, use_offset=True, rng_seed=42)
2025-10-03 12:06:21.902 DEBUG (rank 2): Autotune iteration with RF parameters GaussianRFConfig(num_random_features=1024, length_scale=8.0, use_offset=True, rng_seed=42)
2025-10-03 12:06:21.904 DEBUG (rank 3): Autotune iteration with RF parameters GaussianRFConfig(num_random_features=1024, length_scale=8.0, use_offset=True, rng_seed=42)
2025-10-03 12:06:21.903 DEBUG (rank 0): Autotune iteration with RF parameters GaussianRFConfig(num_random_features=1024, length_scale=8.0, use_offset=True, rng_seed=42)
2025-10-03 12:12:09.555 WARNING (rank 3): `leading_eig` normalization has high memory usage. If you encounter OOM errors try to disable it.
2025-10-03 12:12:33.736 WARNING (rank 1): `leading_eig` normalization has high memory usage. If you encounter OOM errors try to disable it.
2025-10-03 12:12:49.694 WARNING (rank 2): `leading_eig` normalization has high memory usage. If you encounter OOM errors try to disable it.
2025-10-03 12:12:54.480 WARNING (rank 0): `leading_eig` normalization has high memory usage. If you encounter OOM errors try to disable it.
2025-10-03 12:12:54.509 DEBUG (rank 0): Retrieved 4 logs.
2025-10-03 12:12:54.509 DEBUG (rank 2): Retrieved 4 logs.
2025-10-03 12:12:54.509 DEBUG (rank 3): Retrieved 4 logs.
2025-10-03 12:12:54.509 DEBUG (rank 1): Retrieved 4 logs.
2025-10-03 12:12:57.187 INFO (rank 0): Trial   3 | rf_type: gaussian | num_random_features:  1024   | length_scale:  8.000  | use_offset:  True   | rng_seed:   42    | Best trial 2 (energy 64.35 meV/atom - forces 28.0 meV/Ang)
2025-10-03 12:12:57.382 DEBUG (rank 1): Autotune iteration with RF parameters GaussianRFConfig(num_random_features=1024, length_scale=10.0, use_offset=True, rng_seed=42)
2025-10-03 12:12:57.385 DEBUG (rank 2): Autotune iteration with RF parameters GaussianRFConfig(num_random_features=1024, length_scale=10.0, use_offset=True, rng_seed=42)
2025-10-03 12:12:57.385 DEBUG (rank 3): Autotune iteration with RF parameters GaussianRFConfig(num_random_features=1024, length_scale=10.0, use_offset=True, rng_seed=42)
2025-10-03 12:12:57.390 DEBUG (rank 0): Autotune iteration with RF parameters GaussianRFConfig(num_random_features=1024, length_scale=10.0, use_offset=True, rng_seed=42)
2025-10-03 12:18:45.007 WARNING (rank 3): `leading_eig` normalization has high memory usage. If you encounter OOM errors try to disable it.
2025-10-03 12:19:09.293 WARNING (rank 1): `leading_eig` normalization has high memory usage. If you encounter OOM errors try to disable it.
2025-10-03 12:19:25.512 WARNING (rank 2): `leading_eig` normalization has high memory usage. If you encounter OOM errors try to disable it.
2025-10-03 12:19:29.902 WARNING (rank 0): `leading_eig` normalization has high memory usage. If you encounter OOM errors try to disable it.
2025-10-03 12:19:29.927 DEBUG (rank 1): Retrieved 4 logs.
2025-10-03 12:19:29.927 DEBUG (rank 2): Retrieved 4 logs.
2025-10-03 12:19:29.927 DEBUG (rank 3): Retrieved 4 logs.
2025-10-03 12:19:29.927 DEBUG (rank 0): Retrieved 4 logs.
2025-10-03 12:19:32.604 INFO (rank 0): Trial   4 | rf_type: gaussian | num_random_features:  1024   | length_scale: 10.000  | use_offset:  True   | rng_seed:   42    | Best trial 2 (energy 64.35 meV/atom - forces 28.0 meV/Ang)
